#
# A fatal error has been detected by the Java Runtime Environment:
#
#  EXCEPTION_ACCESS_VIOLATION (0xc0000005) at pc=0x00007ffc17116a17, pid=11040, tid=24396
#
# JRE version: Java(TM) SE Runtime Environment (25.0.2+10) (build 25.0.2+10-LTS-69)
# Java VM: Java HotSpot(TM) 64-Bit Server VM (25.0.2+10-LTS-69, mixed mode, sharing, tiered, compressed oops, compressed class ptrs, g1 gc, windows-amd64)
# Problematic frame:
# C  [glass.dll+0x26a17]
#
# No core dump will be written. Minidumps are not enabled by default on client versions of Windows
#
# If you would like to submit a bug report, please visit:
#   https://bugreport.java.com/bugreport/crash.jsp
#

---------------  S U M M A R Y ------------

Command Line: -javaagent:C:\Program Files\JetBrains\IntelliJ IDEA Community Edition 2025.2.6.1\lib\idea_rt.jar=55860 -Dfile.encoding=UTF-8 -Dsun.stdout.encoding=UTF-8 -Dsun.stderr.encoding=UTF-8 --module-path=C:\Users\Administrator\.m2\repository\org\openjfx\javafx-base\21.0.6\javafx-base-21.0.6-win.jar;C:\Users\Administrator\Downloads\VehicleIdentificationSystem\target\classes;C:\Users\Administrator\.m2\repository\org\controlsfx\controlsfx\11.2.1\controlsfx-11.2.1.jar;C:\Users\Administrator\.m2\repository\org\openjfx\javafx-graphics\21.0.6\javafx-graphics-21.0.6-win.jar;C:\Users\Administrator\.m2\repository\org\openjfx\javafx-fxml\21.0.6\javafx-fxml-21.0.6-win.jar;C:\Users\Administrator\.m2\repository\org\openjfx\javafx-controls\21.0.6\javafx-controls-21.0.6-win.jar;C:\Users\Administrator\.m2\repository\org\kordamp\bootstrapfx\bootstrapfx-core\0.4.0\bootstrapfx-core-0.4.0.jar -Djdk.module.main=com.vis.vehicleidentificationsystem com.vis.vehicleidentificationsystem/com.vis.MainApp

Host: Intel(R) Core(TM) i7-8665U CPU @ 1.90GHz, 8 cores, 7G,  Windows 11 , 64 bit Build 26100 (10.0.26100.8328)
Time: Wed May  6 20:25:17 2026 South Africa Standard Time elapsed time: 147.672680 seconds (0d 0h 2m 27s)

---------------  T H R E A D  ---------------

Current thread (0x0000015cfc189bb0):  VMThread "VM Thread"          [id=24396, stack(0x0000002388100000,0x0000002388200000) (1024K)]

Stack: [0x0000002388100000,0x0000002388200000],  sp=0x00000023881fe9a0,  free space=1018k
Native frames: (J=compiled Java code, j=interpreted, Vv=VM code, C=native code)
C  [glass.dll+0x26a17]  (no source info available)
C  [ucrtbase.dll+0x4bc75]  (no source info available)
C  [ucrtbase.dll+0x4b897]  (no source info available)
C  [ucrtbase.dll+0x4b84d]  (no source info available)
C  [glass.dll+0x241ed]  (no source info available)
C  [glass.dll+0x24312]  (no source info available)
C  [ntdll.dll+0x15f98a]  (no source info available)
C  [ntdll.dll+0x12d23]  (no source info available)
C  [ntdll.dll+0x2cef]  (no source info available)
C  [ntdll.dll+0x43be]  (no source info available)
C  [KERNEL32.DLL+0x417fb]  (no source info available)
C  [ucrtbase.dll+0xa00b3]  (no source info available)
V  [jvm.dll+0x79f0da]  (no source info available)
V  [jvm.dll+0x79f5a1]  (no source info available)
V  [jvm.dll+0x79f0c0]  (no source info available)
V  [jvm.dll+0x47a484]  (no source info available)
V  [jvm.dll+0x96ecc1]  (no source info available)
V  [jvm.dll+0x96ffdd]  (no source info available)
V  [jvm.dll+0x970559]  (no source info available)
V  [jvm.dll+0x970803]  (no source info available)
V  [jvm.dll+0x906fcd]  (no source info available)
V  [jvm.dll+0x7a56d5]  (no source info available)
C  [ucrtbase.dll+0x37b0]  (no source info available)
C  [KERNEL32.DLL+0x2e957]  (no source info available)
C  [ntdll.dll+0x427c]  (no source info available)


siginfo: EXCEPTION_ACCESS_VIOLATION (0xc0000005), reading address 0x0000000000000000


Registers:
RAX=0x0000000000000000, RBX=0x0000015cfc192a32, RCX=0x0000015cfc189bb0, RDX=0x00000023881fe9a0
RSP=0x00000023881fe9a0, RBP=0x0000abb1b34ff940, RSI=0x0000015cfcdbe6f8, RDI=0x0000015cfcdbe6d0
R8 =0x0000000000010002, R9 =0x0000abb1b34ff940, R10=0x0000015cdcf10000, R11=0x00000023881fea88
R12=0x000000007ffe0385, R13=0x0000000000000001, R14=0x00000023881feaa8, R15=0x0000015cfcdbe6d0
RIP=0x00007ffc17116a17, EFLAGS=0x0000000000010202

XMM[0]=0x0000000000000000 0x0000000000000000
XMM[1]=0x0000000000000000 0x00000023881fd5b0
XMM[2]=0x0000000000000000 0x0000000000000000
XMM[3]=0x0000000000000000 0x0000000000000000
XMM[4]=0x0000000000000000 0x0000000000000000
XMM[5]=0x0000000000000000 0x0000000000000000
XMM[6]=0x0000000000000000 0x0000000000000000
XMM[7]=0x0000000000000000 0x0000000000000000
XMM[8]=0x0000000000000000 0x404e000000000000
XMM[9]=0x0000000000000000 0x0000000000000000
XMM[10]=0x0000000000000000 0x0000000000000000
XMM[11]=0x0000000000000000 0x0000000000000000
XMM[12]=0x0000000000000000 0x0000000000000000
XMM[13]=0x0000000000000000 0x0000000000000000
XMM[14]=0x0000000000000000 0x0000000000000000
XMM[15]=0x0000000000000000 0x0000000000000000
  MXCSR=0x00001fa0


Register to memory mapping:

RAX=0x0 is null
RBX=0x0000015cfc192a32 is a global jni handle
RCX=0x0000015cfc189bb0 points into unknown readable memory: 0x00007ffb650de5b0 | b0 e5 0d 65 fb 7f 00 00
RDX=0x00000023881fe9a0 points into unknown readable memory: 0x0000000000000000 | 00 00 00 00 00 00 00 00
RSP=0x00000023881fe9a0 points into unknown readable memory: 0x0000000000000000 | 00 00 00 00 00 00 00 00
RBP=0x0000abb1b34ff940 is an unknown value
RSI=0x0000015cfcdbe6f8 points into unknown readable memory: 0x0000abb1b34ff940 | 40 f9 4f b3 b1 ab 00 00
RDI=0x0000015cfcdbe6d0 points into unknown readable memory: 0x0000d44da45ec738 | 38 c7 5e a4 4d d4 00 00
R8 =0x0000000000010002 is an unknown value
R9 =0x0000abb1b34ff940 is an unknown value
R10=0x0000015cdcf10000 points into unknown readable memory: 0x0000000000000000 | 00 00 00 00 00 00 00 00
R11=0x00000023881fea88 points into unknown readable memory: 0x00007ffc171141ed | ed 41 11 17 fc 7f 00 00
R12=0x000000007ffe0385 points into unknown readable memory: 00 00 00
R13=0x0000000000000001 is an unknown value
R14=0x00000023881feaa8 points into unknown readable memory: 0x00000023881fea90 | 90 ea 1f 88 23 00 00 00
R15=0x0000015cfcdbe6d0 points into unknown readable memory: 0x0000d44da45ec738 | 38 c7 5e a4 4d d4 00 00

Top of Stack: (sp=0x00000023881fe9a0)
0x00000023881fe9a0:   0000000000000000 0000015c00000000   ............\...
0x00000023881fe9b0:   0000015cfcec06a0 000000007ffe0385   ....\...........
0x00000023881fe9c0:   0000015cfcdbe6d8 00007ffc4c6ebc75   ....\...u.nL....
0x00000023881fe9d0:   0000015cfcdbe6d0 0000015c00000000   ....\.......\...
0x00000023881fe9e0:   0000015cfcdbe6f0 0000abb1b34ff940   ....\...@.O.....
0x00000023881fe9f0:   fffffffffffffffe 00007ffc4c8ebadb   ...........L....
0x00000023881fea00:   00007ffc170f0000 00007ffc170f0000   ................
0x00000023881fea10:   00000023881fea98 00007ffc4c6eb897   ....#.....nL....
0x00000023881fea20:   00000023881fea00 00000023881feaa8   ....#.......#...
0x00000023881fea30:   00000023881feff0 00007ffc4c7d88c0   ....#.....}L....
0x00000023881fea40:   0000000000000001 00007ffc4c6eb84d   ........M.nL....
0x00000023881fea50:   0000000000000000 0000000000000001   ................
0x00000023881fea60:   0000000000000000 00000023881fea98   ............#...
0x00000023881fea70:   fffffffffffffffe 00000023881fef00   ............#...
0x00000023881fea80:   0000000000000000 00007ffc171141ed   .........A......
0x00000023881fea90:   00007ffc1712a008 00007ffc00000002   ................
0x00000023881feaa0:   0000000000000002 00000023881fea90   ............#...
0x00000023881feab0:   00007ffc4a210000 00007ffc4a210000   ..!J......!J....
0x00000023881feac0:   0000000000000000 00007ffc17114312   .........C......
0x00000023881fead0:   0000000000000001 0000000000000001   ................
0x00000023881feae0:   0000000000000001 00007ffc4eab27f0   .........'.N....
0x00000023881feaf0:   000000007ffe0384 00007ffc4eab2888   .........(.N....
0x00000023881feb00:   0000000000000001 0000000000000000   ................
0x00000023881feb10:   0000000000000000 00007ffc17114360   ........`C......
0x00000023881feb20:   0000000000000001 00007ffc4f1bf98a   ...........O....
0x00000023881feb30:   00007ffc170f0000 0000000000000000   ................
0x00000023881feb40:   0000000000000001 000000007ffe0384   ................
0x00000023881feb50:   0000000000000000 00007ffc4f072d23   ........#-.O....
0x00000023881feb60:   0000000000000000 0000015cdcf70700   ............\...
0x00000023881feb70:   000000000000008d 0000000000000000   ................
0x00000023881feb80:   0000000000000000 0000000000000000   ................
0x00000023881feb90:   0000000000000000 ffff05cd00000000   ................

Instructions: (pc=0x00007ffc17116a17)
  0x00007ffc17116917:   8b 4d 58 e8 8d cf ff ff 48 8b 4d 60 e8 84 cf ff
  0x00007ffc17116927:   ff 48 8b 95 80 00 00 00 48 8b 8d 18 01 00 00 e8
  0x00007ffc17116937:   76 c4 ff ff 33 d2 33 c9 e8 cc e1 ff ff 90 48 89
  0x00007ffc17116947:   54 24 10 55 48 83 ec 20 48 8b ea 48 b8 00 00 00
  0x00007ffc17116957:   00 00 00 00 00 48 83 c4 20 5d c3 cc 40 55 48 8b
  0x00007ffc17116967:   ea 48 8b 01 33 c9 81 38 05 00 00 c0 0f 94 c1 8b
  0x00007ffc17116977:   c1 5d c3 cc 40 55 48 83 ec 20 48 8b ea 8a 4d 40
  0x00007ffc17116987:   48 83 c4 20 5d e9 73 d3 ff ff cc 40 55 48 83 ec
  0x00007ffc17116997:   20 48 8b ea 8a 4d 20 e8 61 d3 ff ff 90 48 83 c4
  0x00007ffc171169a7:   20 5d c3 cc 40 55 48 83 ec 20 48 8b ea 48 83 c4
  0x00007ffc171169b7:   20 5d e9 c2 d1 ff ff cc 40 55 48 83 ec 30 48 8b
  0x00007ffc171169c7:   ea 48 8b 01 8b 10 48 89 4c 24 28 89 54 24 20 4c
  0x00007ffc171169d7:   8d 0d 63 d6 ff ff 4c 8b 45 70 8b 55 68 48 8b 4d
  0x00007ffc171169e7:   60 e8 03 d1 ff ff 90 48 83 c4 30 5d c3 cc cc cc
  0x00007ffc171169f7:   cc cc cc cc cc cc cc cc cc 40 53 48 83 ec 20 48
  0x00007ffc17116a07:   8b 1d fb 2f 01 00 48 85 db 74 16 e8 89 8f ff ff
=>0x00007ffc17116a17:   4c 8b 00 48 8b d3 48 8b c8 41 ff 90 b0 00 00 00
  0x00007ffc17116a27:   90 48 83 c4 20 5b c3 cc cc 40 53 48 83 ec 20 48
  0x00007ffc17116a37:   8b 1d 6b 31 01 00 48 85 db 74 57 b8 ff ff ff ff
  0x00007ffc17116a47:   f0 0f c1 43 10 83 f8 01 75 3d 48 85 db 74 38 48
  0x00007ffc17116a57:   8b 0b 48 85 c9 74 0d ff 15 44 08 00 00 48 c7 03
  0x00007ffc17116a67:   00 00 00 00 48 8b 4b 08 48 85 c9 74 0d e8 33 ce
  0x00007ffc17116a77:   ff ff 48 c7 43 08 00 00 00 00 ba 18 00 00 00 48
  0x00007ffc17116a87:   8b cb e8 1e ce ff ff 48 c7 05 0f 31 01 00 00 00
  0x00007ffc17116a97:   00 00 48 83 c4 20 5b c3 cc 40 53 48 83 ec 20 48
  0x00007ffc17116aa7:   8b 1d db 30 01 00 48 85 db 74 57 b8 ff ff ff ff
  0x00007ffc17116ab7:   f0 0f c1 43 10 83 f8 01 75 3d 48 85 db 74 38 48
  0x00007ffc17116ac7:   8b 0b 48 85 c9 74 0d ff 15 d4 07 00 00 48 c7 03
  0x00007ffc17116ad7:   00 00 00 00 48 8b 4b 08 48 85 c9 74 0d e8 c3 cd
  0x00007ffc17116ae7:   ff ff 48 c7 43 08 00 00 00 00 ba 18 00 00 00 48
  0x00007ffc17116af7:   8b cb e8 ae cd ff ff 48 c7 05 7f 30 01 00 00 00
  0x00007ffc17116b07:   00 00 48 83 c4 20 5b c3 cc 40 53 48 83 ec 20 48


Stack slot to memory mapping:

stack at sp + 0 slots: 0x0 is null
stack at sp + 1 slots: 0x0000015c00000000 is an unknown value
stack at sp + 2 slots: 0x0000015cfcec06a0 points into unknown readable memory: 0x0000015cfcec1090 | 90 10 ec fc 5c 01 00 00
stack at sp + 3 slots: 0x000000007ffe0385 points into unknown readable memory: 00 00 00
stack at sp + 4 slots: 0x0000015cfcdbe6d8 points into unknown readable memory: 0x0000abb1b34ff940 | 40 f9 4f b3 b1 ab 00 00
stack at sp + 5 slots: 0x00007ffc4c6ebc75 ucrtbase.dll
stack at sp + 6 slots: 0x0000015cfcdbe6d0 points into unknown readable memory: 0x0000d44da45ec738 | 38 c7 5e a4 4d d4 00 00
stack at sp + 7 slots: 0x0000015c00000000 is an unknown value

VM_Operation (0x00000023877ff450): Exit, mode: safepoint, requested by thread 0x0000015cfd7b3580


---------------  P R O C E S S  ---------------

Threads class SMR info:
_java_thread_list=0x0000015cfd34e0f0, length=20, elements={
0x0000015cdcfa9370, 0x0000015cfc19e530, 0x0000015cfc19f930, 0x0000015cfc1a3580,
0x0000015cfc1a9540, 0x0000015cfc1af760, 0x0000015cfc1c3d50, 0x0000015cfc1c9740,
0x0000015cfc2bdc10, 0x0000015cfcc1ed20, 0x0000015cfcc1f4e0, 0x0000015cfcdc0690,
0x0000015cfce67170, 0x0000015cfce6a0e0, 0x0000015cfd0872c0, 0x0000015cfd04b350,
0x0000015cfd3064f0, 0x0000015cfd307490, 0x0000015cfd30c2b0, 0x0000015cfd7b3580
}

Java Threads: ( => current thread )
  0x0000015cdcfa9370 JavaThread "main"                              [_thread_blocked, id=21200, stack(0x0000002387a00000,0x0000002387b00000) (1024K)]
  0x0000015cfc19e530 JavaThread "Reference Handler"          daemon [_thread_blocked, id=7444, stack(0x0000002388200000,0x0000002388300000) (1024K)]
  0x0000015cfc19f930 JavaThread "Finalizer"                  daemon [_thread_blocked, id=17264, stack(0x0000002388300000,0x0000002388400000) (1024K)]
  0x0000015cfc1a3580 JavaThread "Attach Listener"            daemon [_thread_blocked, id=22868, stack(0x0000002388500000,0x0000002388600000) (1024K)]
  0x0000015cfc1a9540 JavaThread "Service Thread"             daemon [_thread_blocked, id=18012, stack(0x0000002388600000,0x0000002388700000) (1024K)]
  0x0000015cfc1af760 JavaThread "Monitor Deflation Thread"   daemon [_thread_blocked, id=9528, stack(0x0000002388700000,0x0000002388800000) (1024K)]
  0x0000015cfc1c3d50 JavaThread "C2 CompilerThread0"         daemon [_thread_blocked, id=20596, stack(0x0000002388800000,0x0000002388900000) (1024K)]
  0x0000015cfc1c9740 JavaThread "C1 CompilerThread0"         daemon [_thread_blocked, id=10096, stack(0x0000002388900000,0x0000002388a00000) (1024K)]
  0x0000015cfc2bdc10 JavaThread "Common-Cleaner"             daemon [_thread_blocked, id=9572, stack(0x0000002388a00000,0x0000002388b00000) (1024K)]
  0x0000015cfcc1ed20 JavaThread "Monitor Ctrl-Break"         daemon [_thread_in_native, id=2408, stack(0x0000002388d00000,0x0000002388e00000) (1024K)]
  0x0000015cfcc1f4e0 JavaThread "Notification Thread"        daemon [_thread_blocked, id=17832, stack(0x0000002388e00000,0x0000002388f00000) (1024K)]
  0x0000015cfcdc0690 JavaThread "QuantumRenderer-0"          daemon [_thread_blocked, id=6700, stack(0x0000002388f00000,0x0000002389000000) (1024K)]
  0x0000015cfce67170 JavaThread "InvokeLaterDispatcher"      daemon [_thread_blocked, id=20612, stack(0x0000002388c00000,0x0000002388d00000) (1024K)]
  0x0000015cfce6a0e0 JavaThread "JavaFX Application Thread"         [_thread_in_native, id=21912, stack(0x0000002389000000,0x0000002389100000) (1024K)]
  0x0000015cfd0872c0 JavaThread "Thread-1"                   daemon [_thread_in_native, id=21648, stack(0x0000002389400000,0x0000002389500000) (1024K)]
  0x0000015cfd04b350 JavaThread "JavaFX-Launcher"                   [_thread_blocked, id=18524, stack(0x0000002388b00000,0x0000002388c00000) (1024K)]
  0x0000015cfd3064f0 JavaThread "PostgreSQL-JDBC-Cleaner"    daemon [_thread_blocked, id=15436, stack(0x0000002389e00000,0x0000002389f00000) (1024K)]
  0x0000015cfd307490 JavaThread "Prism Font Disposer"        daemon [_thread_blocked, id=20500, stack(0x000000238a200000,0x000000238a300000) (1024K)]
  0x0000015cfd30c2b0 JavaThread "Cleaner-0"                  daemon [_thread_blocked, id=7636, stack(0x000000238a400000,0x000000238a500000) (1024K)]
  0x0000015cfd7b3580 JavaThread "SIGINT handler"             daemon [_thread_blocked, id=16440, stack(0x0000002387700000,0x0000002387800000) (1024K)]
Total: 20

Other Threads:
=>0x0000015cfc189bb0 VMThread "VM Thread"                           [id=24396, stack(0x0000002388100000,0x0000002388200000) (1024K)]
  0x0000015cdf39da70 WorkerThread "GC Thread#0"                     [id=21832, stack(0x0000002387b00000,0x0000002387c00000) (1024K)]
  0x0000015cfd45dd90 WorkerThread "GC Thread#1"                     [id=22096, stack(0x0000002389800000,0x0000002389900000) (1024K)]
  0x0000015cfd45e1c0 WorkerThread "GC Thread#2"                     [id=1744, stack(0x0000002389900000,0x0000002389a00000) (1024K)]
  0x0000015cfd45ea00 WorkerThread "GC Thread#3"                     [id=5316, stack(0x0000002389a00000,0x0000002389b00000) (1024K)]
  0x0000015cfd3f2060 WorkerThread "GC Thread#4"                     [id=1336, stack(0x0000002389b00000,0x0000002389c00000) (1024K)]
  0x0000015cfd3f34a0 WorkerThread "GC Thread#5"                     [id=2944, stack(0x0000002389c00000,0x0000002389d00000) (1024K)]
  0x0000015cfd597e20 WorkerThread "GC Thread#6"                     [id=14752, stack(0x0000002389d00000,0x0000002389e00000) (1024K)]
  0x0000015cfd318410 WorkerThread "GC Thread#7"                     [id=16300, stack(0x0000002389500000,0x0000002389600000) (1024K)]
  0x0000015cdf3b6f60 ConcurrentGCThread "G1 Main Marker"            terminated
  0x0000015cdf3b8ab0 WorkerThread "G1 Conc#0"                       [id=5560, stack(0x0000002387d00000,0x0000002387e00000) (1024K)]
  0x0000015cfc04a0f0 ConcurrentGCThread "G1 Refine#0"               terminated
  0x0000015cfc04b9c0 ConcurrentGCThread "G1 Service"                terminated
Total: 13

Threads with active compile tasks:
Total: 0

VM state: at safepoint (shutting down)

VM Mutex/Monitor currently owned by a thread:  ([mutex/lock_event])
[0x00007ffb652c95e8] Threads_lock - owner thread: 0x0000015cfc189bb0
[0x00007ffb652c9768] Heap_lock - owner thread: 0x0000015cfd7b3580

Heap address: 0x0000000083600000, size: 1994 MB, Compressed Oops mode: 32-bit

CDS archive(s) mapped at: [0x000000000f000000-0x000000000fdd0000-0x000000000fdd0000), size 14483456, SharedBaseAddress: 0x000000000f000000, ArchiveRelocationMode: 1.
Compressed class space mapped at: 0x0000000010000000-0x0000000050000000, reserved size: 1073741824
UseCompressedClassPointers 1, UseCompactObjectHeaders 0
Narrow klass pointer bits 32, Max shift 3
Narrow klass base: 0x000000000f000000, Narrow klass shift: 0
Encoding Range: [0x000000000f000000 - 0x000000010f000000), (4294967296 bytes)
Klass Range:    [0x000000000f010000 - 0x0000000050000000), (1090453504 bytes)
Klass ID Range:  [65536 - 1090519033) (1090453497)
Protection zone: [0x000000000f000000 - 0x000000000f010000), (65536 bytes)

GC Precious Log:
 CardTable entry size: 512
 Card Set container configuration: InlinePtr #cards 5 size 8 Array Of Cards #cards 10 size 36 Howl #buckets 4 coarsen threshold 1843 Howl Bitmap #cards 512 size 80 coarsen threshold 460 Card regions per heap region 1 cards per card region 2048
 CPUs: 8 total, 8 available
 Memory: 7970M
 Large Page Support: Disabled
 NUMA Support: Disabled
 Compressed Oops: Enabled (32-bit)
 Heap Region Size: 1M
 Heap Min Capacity: 8M
 Heap Initial Capacity: 126M
 Heap Max Capacity: 1994M
 Pre-touch: Disabled
 Parallel Workers: 8
 Concurrent Workers: 2
 Concurrent Refinement Workers: 8
 Periodic GC: Disabled

Heap:
 garbage-first heap   total reserved 2041856K, committed 131072K, used 26166K [0x0000000083600000, 0x0000000100000000)
  region size 1024K, 13 young (13312K), 3 survivors (3072K)

Heap Regions: E=young(eden), S=young(survivor), O=old, HS=humongous(starts), HC=humongous(continues), CS=collection set, F=free, TAMS=top-at-mark-start, PB=parsable bottom
|   0|0x0000000083600000, 0x0000000083700000, 0x0000000083700000|100%|HS|  |TAMS 0x0000000083600000| PB 0x0000000083600000| Complete |  0
|   1|0x0000000083700000, 0x0000000083800000, 0x0000000083800000|100%|HC|  |TAMS 0x0000000083700000| PB 0x0000000083700000| Complete |  0
|   2|0x0000000083800000, 0x0000000083900000, 0x0000000083900000|100%|HC|  |TAMS 0x0000000083800000| PB 0x0000000083800000| Complete |  0
|   3|0x0000000083900000, 0x0000000083a00000, 0x0000000083a00000|100%|HC|  |TAMS 0x0000000083900000| PB 0x0000000083900000| Complete |  0
|   4|0x0000000083a00000, 0x0000000083b00000, 0x0000000083b00000|100%|HC|  |TAMS 0x0000000083a00000| PB 0x0000000083a00000| Complete |  0
|   5|0x0000000083b00000, 0x0000000083c00000, 0x0000000083c00000|100%|HS|  |TAMS 0x0000000083b00000| PB 0x0000000083b00000| Complete |  0
|   6|0x0000000083c00000, 0x0000000083d00000, 0x0000000083d00000|100%|HC|  |TAMS 0x0000000083c00000| PB 0x0000000083c00000| Complete |  0
|   7|0x0000000083d00000, 0x0000000083e00000, 0x0000000083e00000|100%| O|  |TAMS 0x0000000083d00000| PB 0x0000000083d00000| Untracked |  0
|   8|0x0000000083e00000, 0x0000000083f00000, 0x0000000083f00000|100%| O|  |TAMS 0x0000000083e00000| PB 0x0000000083e00000| Untracked |  1
|   9|0x0000000083f00000, 0x0000000084000000, 0x0000000084000000|100%| O|  |TAMS 0x0000000083f00000| PB 0x0000000083f00000| Untracked |  0
|  10|0x0000000084000000, 0x0000000084100000, 0x0000000084100000|100%| O|  |TAMS 0x0000000084000000| PB 0x0000000084000000| Untracked |  0
|  11|0x0000000084100000, 0x0000000084200000, 0x0000000084200000|100%| O|  |TAMS 0x0000000084100000| PB 0x0000000084100000| Untracked |  0
|  12|0x0000000084200000, 0x0000000084269848, 0x0000000084300000| 41%| O|  |TAMS 0x0000000084200000| PB 0x0000000084200000| Untracked |  0
|  13|0x0000000084300000, 0x0000000084300000, 0x0000000084400000|  0%| F|  |TAMS 0x0000000084300000| PB 0x0000000084300000| Untracked |  0
|  14|0x0000000084400000, 0x0000000084400000, 0x0000000084500000|  0%| F|  |TAMS 0x0000000084400000| PB 0x0000000084400000| Untracked |  0
|  15|0x0000000084500000, 0x0000000084500000, 0x0000000084600000|  0%| F|  |TAMS 0x0000000084500000| PB 0x0000000084500000| Untracked |  0
|  16|0x0000000084600000, 0x0000000084600000, 0x0000000084700000|  0%| F|  |TAMS 0x0000000084600000| PB 0x0000000084600000| Untracked |  0
|  17|0x0000000084700000, 0x0000000084700000, 0x0000000084800000|  0%| F|  |TAMS 0x0000000084700000| PB 0x0000000084700000| Untracked |  0
|  18|0x0000000084800000, 0x0000000084800000, 0x0000000084900000|  0%| F|  |TAMS 0x0000000084800000| PB 0x0000000084800000| Untracked |  0
|  19|0x0000000084900000, 0x0000000084900000, 0x0000000084a00000|  0%| F|  |TAMS 0x0000000084900000| PB 0x0000000084900000| Untracked |  0
|  20|0x0000000084a00000, 0x0000000084a00000, 0x0000000084b00000|  0%| F|  |TAMS 0x0000000084a00000| PB 0x0000000084a00000| Untracked |  0
|  21|0x0000000084b00000, 0x0000000084b00000, 0x0000000084c00000|  0%| F|  |TAMS 0x0000000084b00000| PB 0x0000000084b00000| Untracked |  0
|  22|0x0000000084c00000, 0x0000000084c00000, 0x0000000084d00000|  0%| F|  |TAMS 0x0000000084c00000| PB 0x0000000084c00000| Untracked |  0
|  23|0x0000000084d00000, 0x0000000084d00000, 0x0000000084e00000|  0%| F|  |TAMS 0x0000000084d00000| PB 0x0000000084d00000| Untracked |  0
|  24|0x0000000084e00000, 0x0000000084e00000, 0x0000000084f00000|  0%| F|  |TAMS 0x0000000084e00000| PB 0x0000000084e00000| Untracked |  0
|  25|0x0000000084f00000, 0x0000000084f00000, 0x0000000085000000|  0%| F|  |TAMS 0x0000000084f00000| PB 0x0000000084f00000| Untracked |  0
|  26|0x0000000085000000, 0x0000000085000000, 0x0000000085100000|  0%| F|  |TAMS 0x0000000085000000| PB 0x0000000085000000| Untracked |  0
|  27|0x0000000085100000, 0x0000000085100000, 0x0000000085200000|  0%| F|  |TAMS 0x0000000085100000| PB 0x0000000085100000| Untracked |  0
|  28|0x0000000085200000, 0x0000000085200000, 0x0000000085300000|  0%| F|  |TAMS 0x0000000085200000| PB 0x0000000085200000| Untracked |  0
|  29|0x0000000085300000, 0x0000000085300000, 0x0000000085400000|  0%| F|  |TAMS 0x0000000085300000| PB 0x0000000085300000| Untracked |  0
|  30|0x0000000085400000, 0x0000000085400000, 0x0000000085500000|  0%| F|  |TAMS 0x0000000085400000| PB 0x0000000085400000| Untracked |  0
|  31|0x0000000085500000, 0x0000000085500000, 0x0000000085600000|  0%| F|  |TAMS 0x0000000085500000| PB 0x0000000085500000| Untracked |  0
|  32|0x0000000085600000, 0x0000000085600000, 0x0000000085700000|  0%| F|  |TAMS 0x0000000085600000| PB 0x0000000085600000| Untracked |  0
|  33|0x0000000085700000, 0x0000000085700000, 0x0000000085800000|  0%| F|  |TAMS 0x0000000085700000| PB 0x0000000085700000| Untracked |  0
|  34|0x0000000085800000, 0x0000000085800000, 0x0000000085900000|  0%| F|  |TAMS 0x0000000085800000| PB 0x0000000085800000| Untracked |  0
|  35|0x0000000085900000, 0x0000000085900000, 0x0000000085a00000|  0%| F|  |TAMS 0x0000000085900000| PB 0x0000000085900000| Untracked |  0
|  36|0x0000000085a00000, 0x0000000085a00000, 0x0000000085b00000|  0%| F|  |TAMS 0x0000000085a00000| PB 0x0000000085a00000| Untracked |  0
|  37|0x0000000085b00000, 0x0000000085b00000, 0x0000000085c00000|  0%| F|  |TAMS 0x0000000085b00000| PB 0x0000000085b00000| Untracked |  0
|  38|0x0000000085c00000, 0x0000000085c00000, 0x0000000085d00000|  0%| F|  |TAMS 0x0000000085c00000| PB 0x0000000085c00000| Untracked |  0
|  39|0x0000000085d00000, 0x0000000085d00000, 0x0000000085e00000|  0%| F|  |TAMS 0x0000000085d00000| PB 0x0000000085d00000| Untracked |  0
|  40|0x0000000085e00000, 0x0000000085e00000, 0x0000000085f00000|  0%| F|  |TAMS 0x0000000085e00000| PB 0x0000000085e00000| Untracked |  0
|  41|0x0000000085f00000, 0x0000000085f00000, 0x0000000086000000|  0%| F|  |TAMS 0x0000000085f00000| PB 0x0000000085f00000| Untracked |  0
|  42|0x0000000086000000, 0x0000000086000000, 0x0000000086100000|  0%| F|  |TAMS 0x0000000086000000| PB 0x0000000086000000| Untracked |  0
|  43|0x0000000086100000, 0x0000000086100000, 0x0000000086200000|  0%| F|  |TAMS 0x0000000086100000| PB 0x0000000086100000| Untracked |  0
|  44|0x0000000086200000, 0x0000000086200000, 0x0000000086300000|  0%| F|  |TAMS 0x0000000086200000| PB 0x0000000086200000| Untracked |  0
|  45|0x0000000086300000, 0x0000000086300000, 0x0000000086400000|  0%| F|  |TAMS 0x0000000086300000| PB 0x0000000086300000| Untracked |  0
|  46|0x0000000086400000, 0x0000000086400000, 0x0000000086500000|  0%| F|  |TAMS 0x0000000086400000| PB 0x0000000086400000| Untracked |  0
|  47|0x0000000086500000, 0x0000000086500000, 0x0000000086600000|  0%| F|  |TAMS 0x0000000086500000| PB 0x0000000086500000| Untracked |  0
|  48|0x0000000086600000, 0x0000000086600000, 0x0000000086700000|  0%| F|  |TAMS 0x0000000086600000| PB 0x0000000086600000| Untracked |  0
|  49|0x0000000086700000, 0x0000000086700000, 0x0000000086800000|  0%| F|  |TAMS 0x0000000086700000| PB 0x0000000086700000| Untracked |  0
|  50|0x0000000086800000, 0x0000000086800000, 0x0000000086900000|  0%| F|  |TAMS 0x0000000086800000| PB 0x0000000086800000| Untracked |  0
|  51|0x0000000086900000, 0x0000000086900000, 0x0000000086a00000|  0%| F|  |TAMS 0x0000000086900000| PB 0x0000000086900000| Untracked |  0
|  52|0x0000000086a00000, 0x0000000086a00000, 0x0000000086b00000|  0%| F|  |TAMS 0x0000000086a00000| PB 0x0000000086a00000| Untracked |  0
|  53|0x0000000086b00000, 0x0000000086b00000, 0x0000000086c00000|  0%| F|  |TAMS 0x0000000086b00000| PB 0x0000000086b00000| Untracked |  0
|  54|0x0000000086c00000, 0x0000000086c00000, 0x0000000086d00000|  0%| F|  |TAMS 0x0000000086c00000| PB 0x0000000086c00000| Untracked |  0
|  55|0x0000000086d00000, 0x0000000086d00000, 0x0000000086e00000|  0%| F|  |TAMS 0x0000000086d00000| PB 0x0000000086d00000| Untracked |  0
|  56|0x0000000086e00000, 0x0000000086e00000, 0x0000000086f00000|  0%| F|  |TAMS 0x0000000086e00000| PB 0x0000000086e00000| Untracked |  0
|  57|0x0000000086f00000, 0x0000000086f00000, 0x0000000087000000|  0%| F|  |TAMS 0x0000000086f00000| PB 0x0000000086f00000| Untracked |  0
|  58|0x0000000087000000, 0x0000000087000000, 0x0000000087100000|  0%| F|  |TAMS 0x0000000087000000| PB 0x0000000087000000| Untracked |  0
|  59|0x0000000087100000, 0x0000000087100000, 0x0000000087200000|  0%| F|  |TAMS 0x0000000087100000| PB 0x0000000087100000| Untracked |  0
|  60|0x0000000087200000, 0x0000000087200000, 0x0000000087300000|  0%| F|  |TAMS 0x0000000087200000| PB 0x0000000087200000| Untracked |  0
|  61|0x0000000087300000, 0x0000000087300000, 0x0000000087400000|  0%| F|  |TAMS 0x0000000087300000| PB 0x0000000087300000| Untracked |  0
|  62|0x0000000087400000, 0x0000000087400000, 0x0000000087500000|  0%| F|  |TAMS 0x0000000087400000| PB 0x0000000087400000| Untracked |  0
|  63|0x0000000087500000, 0x0000000087500000, 0x0000000087600000|  0%| F|  |TAMS 0x0000000087500000| PB 0x0000000087500000| Untracked |  0
|  64|0x0000000087600000, 0x0000000087600000, 0x0000000087700000|  0%| F|  |TAMS 0x0000000087600000| PB 0x0000000087600000| Untracked |  0
|  65|0x0000000087700000, 0x0000000087700000, 0x0000000087800000|  0%| F|  |TAMS 0x0000000087700000| PB 0x0000000087700000| Untracked |  0
|  66|0x0000000087800000, 0x00000000878fea20, 0x0000000087900000| 99%| S|CS|TAMS 0x0000000087800000| PB 0x0000000087800000| Complete |  0
|  67|0x0000000087900000, 0x0000000087a00000, 0x0000000087a00000|100%| S|CS|TAMS 0x0000000087900000| PB 0x0000000087900000| Complete |  0
|  68|0x0000000087a00000, 0x0000000087b00000, 0x0000000087b00000|100%| S|CS|TAMS 0x0000000087a00000| PB 0x0000000087a00000| Complete |  0
|  69|0x0000000087b00000, 0x0000000087b00000, 0x0000000087c00000|  0%| F|  |TAMS 0x0000000087b00000| PB 0x0000000087b00000| Untracked |  0
|  70|0x0000000087c00000, 0x0000000087c00000, 0x0000000087d00000|  0%| F|  |TAMS 0x0000000087c00000| PB 0x0000000087c00000| Untracked |  0
|  71|0x0000000087d00000, 0x0000000087d00000, 0x0000000087e00000|  0%| F|  |TAMS 0x0000000087d00000| PB 0x0000000087d00000| Untracked |  0
|  72|0x0000000087e00000, 0x0000000087e00000, 0x0000000087f00000|  0%| F|  |TAMS 0x0000000087e00000| PB 0x0000000087e00000| Untracked |  0
|  73|0x0000000087f00000, 0x0000000087f00000, 0x0000000088000000|  0%| F|  |TAMS 0x0000000087f00000| PB 0x0000000087f00000| Untracked |  0
|  74|0x0000000088000000, 0x0000000088000000, 0x0000000088100000|  0%| F|  |TAMS 0x0000000088000000| PB 0x0000000088000000| Untracked |  0
|  75|0x0000000088100000, 0x0000000088100000, 0x0000000088200000|  0%| F|  |TAMS 0x0000000088100000| PB 0x0000000088100000| Untracked |  0
|  76|0x0000000088200000, 0x0000000088200000, 0x0000000088300000|  0%| F|  |TAMS 0x0000000088200000| PB 0x0000000088200000| Untracked |  0
|  77|0x0000000088300000, 0x0000000088300000, 0x0000000088400000|  0%| F|  |TAMS 0x0000000088300000| PB 0x0000000088300000| Untracked |  0
|  78|0x0000000088400000, 0x0000000088400000, 0x0000000088500000|  0%| F|  |TAMS 0x0000000088400000| PB 0x0000000088400000| Untracked |  0
|  79|0x0000000088500000, 0x0000000088500000, 0x0000000088600000|  0%| F|  |TAMS 0x0000000088500000| PB 0x0000000088500000| Untracked |  0
|  80|0x0000000088600000, 0x0000000088600000, 0x0000000088700000|  0%| F|  |TAMS 0x0000000088600000| PB 0x0000000088600000| Untracked |  0
|  81|0x0000000088700000, 0x0000000088700000, 0x0000000088800000|  0%| F|  |TAMS 0x0000000088700000| PB 0x0000000088700000| Untracked |  0
|  82|0x0000000088800000, 0x0000000088800000, 0x0000000088900000|  0%| F|  |TAMS 0x0000000088800000| PB 0x0000000088800000| Untracked |  0
|  83|0x0000000088900000, 0x0000000088900000, 0x0000000088a00000|  0%| F|  |TAMS 0x0000000088900000| PB 0x0000000088900000| Untracked |  0
|  84|0x0000000088a00000, 0x0000000088a00000, 0x0000000088b00000|  0%| F|  |TAMS 0x0000000088a00000| PB 0x0000000088a00000| Untracked |  0
|  85|0x0000000088b00000, 0x0000000088b00000, 0x0000000088c00000|  0%| F|  |TAMS 0x0000000088b00000| PB 0x0000000088b00000| Untracked |  0
|  86|0x0000000088c00000, 0x0000000088c00000, 0x0000000088d00000|  0%| F|  |TAMS 0x0000000088c00000| PB 0x0000000088c00000| Untracked |  0
|  87|0x0000000088d00000, 0x0000000088d00000, 0x0000000088e00000|  0%| F|  |TAMS 0x0000000088d00000| PB 0x0000000088d00000| Untracked |  0
|  88|0x0000000088e00000, 0x0000000088e00000, 0x0000000088f00000|  0%| F|  |TAMS 0x0000000088e00000| PB 0x0000000088e00000| Untracked |  0
|  89|0x0000000088f00000, 0x0000000088f00000, 0x0000000089000000|  0%| F|  |TAMS 0x0000000088f00000| PB 0x0000000088f00000| Untracked |  0
|  90|0x0000000089000000, 0x0000000089000000, 0x0000000089100000|  0%| F|  |TAMS 0x0000000089000000| PB 0x0000000089000000| Untracked |  0
|  91|0x0000000089100000, 0x0000000089100000, 0x0000000089200000|  0%| F|  |TAMS 0x0000000089100000| PB 0x0000000089100000| Untracked |  0
|  92|0x0000000089200000, 0x0000000089200000, 0x0000000089300000|  0%| F|  |TAMS 0x0000000089200000| PB 0x0000000089200000| Untracked |  0
|  93|0x0000000089300000, 0x0000000089300000, 0x0000000089400000|  0%| F|  |TAMS 0x0000000089300000| PB 0x0000000089300000| Untracked |  0
|  94|0x0000000089400000, 0x0000000089400000, 0x0000000089500000|  0%| F|  |TAMS 0x0000000089400000| PB 0x0000000089400000| Untracked |  0
|  95|0x0000000089500000, 0x0000000089500000, 0x0000000089600000|  0%| F|  |TAMS 0x0000000089500000| PB 0x0000000089500000| Untracked |  0
|  96|0x0000000089600000, 0x0000000089600000, 0x0000000089700000|  0%| F|  |TAMS 0x0000000089600000| PB 0x0000000089600000| Untracked |  0
|  97|0x0000000089700000, 0x0000000089700000, 0x0000000089800000|  0%| F|  |TAMS 0x0000000089700000| PB 0x0000000089700000| Untracked |  0
|  98|0x0000000089800000, 0x0000000089800000, 0x0000000089900000|  0%| F|  |TAMS 0x0000000089800000| PB 0x0000000089800000| Untracked |  0
|  99|0x0000000089900000, 0x0000000089900000, 0x0000000089a00000|  0%| F|  |TAMS 0x0000000089900000| PB 0x0000000089900000| Untracked |  0
| 100|0x0000000089a00000, 0x0000000089a00000, 0x0000000089b00000|  0%| F|  |TAMS 0x0000000089a00000| PB 0x0000000089a00000| Untracked |  0
| 101|0x0000000089b00000, 0x0000000089b00000, 0x0000000089c00000|  0%| F|  |TAMS 0x0000000089b00000| PB 0x0000000089b00000| Untracked |  0
| 102|0x0000000089c00000, 0x0000000089c00000, 0x0000000089d00000|  0%| F|  |TAMS 0x0000000089c00000| PB 0x0000000089c00000| Untracked |  0
| 103|0x0000000089d00000, 0x0000000089d00000, 0x0000000089e00000|  0%| F|  |TAMS 0x0000000089d00000| PB 0x0000000089d00000| Untracked |  0
| 104|0x0000000089e00000, 0x0000000089e00000, 0x0000000089f00000|  0%| F|  |TAMS 0x0000000089e00000| PB 0x0000000089e00000| Untracked |  0
| 105|0x0000000089f00000, 0x0000000089f00000, 0x000000008a000000|  0%| F|  |TAMS 0x0000000089f00000| PB 0x0000000089f00000| Untracked |  0
| 106|0x000000008a000000, 0x000000008a000000, 0x000000008a100000|  0%| F|  |TAMS 0x000000008a000000| PB 0x000000008a000000| Untracked |  0
| 107|0x000000008a100000, 0x000000008a100000, 0x000000008a200000|  0%| F|  |TAMS 0x000000008a100000| PB 0x000000008a100000| Untracked |  0
| 108|0x000000008a200000, 0x000000008a200000, 0x000000008a300000|  0%| F|  |TAMS 0x000000008a200000| PB 0x000000008a200000| Untracked |  0
| 109|0x000000008a300000, 0x000000008a300000, 0x000000008a400000|  0%| F|  |TAMS 0x000000008a300000| PB 0x000000008a300000| Untracked |  0
| 110|0x000000008a400000, 0x000000008a400000, 0x000000008a500000|  0%| F|  |TAMS 0x000000008a400000| PB 0x000000008a400000| Untracked |  0
| 111|0x000000008a500000, 0x000000008a500000, 0x000000008a600000|  0%| F|  |TAMS 0x000000008a500000| PB 0x000000008a500000| Untracked |  0
| 112|0x000000008a600000, 0x000000008a600000, 0x000000008a700000|  0%| F|  |TAMS 0x000000008a600000| PB 0x000000008a600000| Untracked |  0
| 113|0x000000008a700000, 0x000000008a700000, 0x000000008a800000|  0%| F|  |TAMS 0x000000008a700000| PB 0x000000008a700000| Untracked |  0
| 114|0x000000008a800000, 0x000000008a800000, 0x000000008a900000|  0%| F|  |TAMS 0x000000008a800000| PB 0x000000008a800000| Untracked |  0
| 115|0x000000008a900000, 0x000000008a900000, 0x000000008aa00000|  0%| F|  |TAMS 0x000000008a900000| PB 0x000000008a900000| Untracked |  0
| 116|0x000000008aa00000, 0x000000008aa9ec08, 0x000000008ab00000| 62%| E|  |TAMS 0x000000008aa00000| PB 0x000000008aa00000| Complete |  0
| 117|0x000000008ab00000, 0x000000008ac00000, 0x000000008ac00000|100%| E|CS|TAMS 0x000000008ab00000| PB 0x000000008ab00000| Complete |  0
| 118|0x000000008ac00000, 0x000000008ad00000, 0x000000008ad00000|100%| E|CS|TAMS 0x000000008ac00000| PB 0x000000008ac00000| Complete |  0
| 119|0x000000008ad00000, 0x000000008ae00000, 0x000000008ae00000|100%| E|CS|TAMS 0x000000008ad00000| PB 0x000000008ad00000| Complete |  0
| 120|0x000000008ae00000, 0x000000008af00000, 0x000000008af00000|100%| E|CS|TAMS 0x000000008ae00000| PB 0x000000008ae00000| Complete |  0
| 121|0x000000008af00000, 0x000000008b000000, 0x000000008b000000|100%| E|CS|TAMS 0x000000008af00000| PB 0x000000008af00000| Complete |  0
| 122|0x000000008b000000, 0x000000008b100000, 0x000000008b100000|100%| E|CS|TAMS 0x000000008b000000| PB 0x000000008b000000| Complete |  0
| 123|0x000000008b100000, 0x000000008b200000, 0x000000008b200000|100%| E|CS|TAMS 0x000000008b100000| PB 0x000000008b100000| Complete |  0
| 124|0x000000008b200000, 0x000000008b300000, 0x000000008b300000|100%| E|CS|TAMS 0x000000008b200000| PB 0x000000008b200000| Complete |  0
| 125|0x000000008b300000, 0x000000008b400000, 0x000000008b400000|100%| E|CS|TAMS 0x000000008b300000| PB 0x000000008b300000| Complete |  0
|1992|0x00000000ffe00000, 0x00000000fff00000, 0x00000000fff00000|100%| O|  |TAMS 0x00000000ffe00000| PB 0x00000000ffe00000| Untracked |  0
|1993|0x00000000fff00000, 0x00000000fff257b8, 0x0000000100000000| 14%| O|  |TAMS 0x00000000fff00000| PB 0x00000000fff00000| Untracked |  0

Card table byte_map: [0x0000015cf7400000,0x0000015cf77f0000] _byte_map_base: 0x0000015cf6fe5000

Marking Bits: (CMBitMap*) 0x0000015cdf39e200
 Bits: [0x0000015cf77f0000, 0x0000015cf9718000)

Polling page: 0x0000015cdd200000

Metaspace:
Metaspace        used 21055K, committed 21312K, reserved 1114112K
 class space     used 3490K, committed 3584K, reserved 1048576K

Usage:
  Non-class:     17.15 MB used.
      Class:      3.41 MB used.
       Both:     20.56 MB used.

Virtual space:
  Non-class space:       64.00 MB reserved,      17.31 MB ( 27%) committed,  1 nodes.
      Class space:        1.00 GB reserved,       3.50 MB ( <1%) committed,  1 nodes.
             Both:        1.06 GB reserved,      20.81 MB (  2%) committed. 

Chunk freelists:
   Non-Class:  14.22 MB
       Class:  12.50 MB
        Both:  26.72 MB

MaxMetaspaceSize: unlimited
CompressedClassSpaceSize: 1.00 GB
Initial GC threshold: 21.00 MB
Current GC threshold: 21.00 MB
CDS: on
 - commit_granule_bytes: 65536.
 - commit_granule_words: 8192.
 - virtual_space_node_default_size: 8388608.
 - enlarge_chunks_in_place: 1.
UseCompressedClassPointers 1, UseCompactObjectHeaders 0
Narrow klass pointer bits 32, Max shift 3
Narrow klass base: 0x000000000f000000, Narrow klass shift: 0
Encoding Range: [0x000000000f000000 - 0x000000010f000000), (4294967296 bytes)
Klass Range:    [0x000000000f010000 - 0x0000000050000000), (1090453504 bytes)
Klass ID Range:  [65536 - 1090519033) (1090453497)
Protection zone: [0x000000000f000000 - 0x000000000f010000), (65536 bytes)


Internal statistics:

num_allocs_failed_limit: 0.
num_arena_births: 164.
num_arena_deaths: 0.
num_vsnodes_births: 2.
num_vsnodes_deaths: 0.
num_space_committed: 333.
num_space_uncommitted: 0.
num_chunks_returned_to_freelist: 0.
num_chunks_taken_from_freelist: 820.
num_chunk_merges: 0.
num_chunk_splits: 612.
num_chunks_enlarged: 523.
num_inconsistent_stats: 0.

CodeHeap 'non-profiled nmethods': size=120064Kb used=1122Kb max_used=1122Kb free=118941Kb
 bounds [0x0000015cef690000, 0x0000015cef900000, 0x0000015cf6bd0000]
CodeHeap 'profiled nmethods': size=120000Kb used=4591Kb max_used=4591Kb free=115408Kb
 bounds [0x0000015ce7bd0000, 0x0000015ce8050000, 0x0000015cef100000]
CodeHeap 'non-nmethods': size=5696Kb used=1751Kb max_used=1813Kb free=3944Kb
 bounds [0x0000015cef100000, 0x0000015cef370000, 0x0000015cef690000]
CodeCache: size=245760Kb, used=7464Kb, max_used=7526Kb, free=238293Kb
 total_blobs=4019, nmethods=3142, adapters=780, full_count=0
Compilation: enabled, stopped_count=0, restarted_count=0

Compilation events (20 events):
Event: 7.766 Thread 0x0000015cfc1c9740 3135       3       com.sun.glass.ui.View::notifyMouse (221 bytes)
Event: 7.768 Thread 0x0000015cfc1c9740 nmethod 3135 0x0000015ce8049388 code [0x0000015ce8049480, 0x0000015ce804a7d0]
Event: 7.768 Thread 0x0000015cfc1c9740 3136       3       com.sun.glass.ui.Window::handleMouseEvent (26 bytes)
Event: 7.768 Thread 0x0000015cfc1c9740 nmethod 3136 0x0000015ce804a808 code [0x0000015ce804a900, 0x0000015ce804aa98]
Event: 7.768 Thread 0x0000015cfc1c9740 3137       3       com.sun.javafx.scene.input.PickResultChooser::processOffer (146 bytes)
Event: 7.769 Thread 0x0000015cfc1c9740 nmethod 3137 0x0000015ce804ab08 code [0x0000015ce804ac00, 0x0000015ce804b978]
Event: 7.782 Thread 0x0000015cfc1c9740 3138       3       java.lang.Math::toRadians (6 bytes)
Event: 7.782 Thread 0x0000015cfc1c9740 nmethod 3138 0x0000015ce804ba08 code [0x0000015ce804bb20, 0x0000015ce804bc10]
Event: 12.300 Thread 0x0000015cfc1c9740 3140       1       javafx.scene.input.KeyCode::getCode (5 bytes)
Event: 12.300 Thread 0x0000015cfc1c3d50 3139       4       java.lang.Integer::valueOf (32 bytes)
Event: 12.300 Thread 0x0000015cfc1c9740 nmethod 3140 0x0000015cef7a7908 code [0x0000015cef7a7a00, 0x0000015cef7a7ac8]
Event: 12.301 Thread 0x0000015cfc1c3d50 nmethod 3139 0x0000015cef7a7c08 code [0x0000015cef7a7d00, 0x0000015cef7a7df0]
Event: 12.831 Thread 0x0000015cfc1c9740 3141       1       com.sun.javafx.scene.SceneEventDispatcher::getLastDispatcher (5 bytes)
Event: 12.831 Thread 0x0000015cfc1c9740 nmethod 3141 0x0000015cef7a7f08 code [0x0000015cef7a8000, 0x0000015cef7a80c8]
Event: 86.788 Thread 0x0000015cfc1c3d50 3142       4       com.sun.javafx.tk.quantum.QuantumToolkit::postPulse (133 bytes)
Event: 86.790 Thread 0x0000015cfc1c3d50 nmethod 3142 0x0000015cef7a8208 code [0x0000015cef7a8300, 0x0000015cef7a84d0]
Event: 86.851 Thread 0x0000015cfc1c3d50 3143       4       com.sun.javafx.tk.quantum.QuantumToolkit$$Lambda/0x0000000010078648::run (8 bytes)
Event: 86.854 Thread 0x0000015cfc1c3d50 nmethod 3143 0x0000015cef7a8508 code [0x0000015cef7a8600, 0x0000015cef7a87e8]
Event: 147.328 Thread 0x0000015cfc1c3d50 3144       4       java.lang.StringConcatHelper::stringOf (20 bytes)
Event: 147.329 Thread 0x0000015cfc1c3d50 nmethod 3144 0x0000015cef7a8808 code [0x0000015cef7a8900, 0x0000015cef7a8998]

GC Heap Usage History (4 events):
Event: 1.404 {heap Before GC invocations=0 (full 0):
 garbage-first heap   total reserved 2041856K, committed 131072K, used 54421K [0x0000000083600000, 0x0000000100000000)
  region size 1024K, 47 young (48128K), 0 survivors (0K)
}
Event: 1.410 {heap After GC invocations=1 (full 0):
 garbage-first heap   total reserved 2041856K, committed 131072K, used 11840K [0x0000000083600000, 0x0000000100000000)
  region size 1024K, 6 young (6144K), 6 survivors (6144K)
}
Event: 4.339 {heap Before GC invocations=1 (full 0):
 garbage-first heap   total reserved 2041856K, committed 131072K, used 65088K [0x0000000083600000, 0x0000000100000000)
  region size 1024K, 57 young (58368K), 6 survivors (6144K)
}
Event: 4.346 {heap After GC invocations=2 (full 0):
 garbage-first heap   total reserved 2041856K, committed 131072K, used 16950K [0x0000000083600000, 0x0000000100000000)
  region size 1024K, 3 young (3072K), 3 survivors (3072K)
}

Metaspace Usage History (4 events):
Event: 1.404 {metaspace Before GC invocations=0 (full 0):
 Metaspace       used 10460K, committed 10624K, reserved 1114112K
  class space    used 1417K, committed 1472K, reserved 1048576K
}
Event: 1.410 {metaspace After GC invocations=1 (full 0):
 Metaspace       used 10460K, committed 10624K, reserved 1114112K
  class space    used 1417K, committed 1472K, reserved 1048576K
}
Event: 4.339 {metaspace Before GC invocations=1 (full 0):
 Metaspace       used 19695K, committed 19968K, reserved 1114112K
  class space    used 3137K, committed 3264K, reserved 1048576K
}
Event: 4.346 {metaspace After GC invocations=2 (full 0):
 Metaspace       used 19695K, committed 19968K, reserved 1114112K
  class space    used 3137K, committed 3264K, reserved 1048576K
}

Dll operation events (20 events):
Event: 0.574 Loaded shared library C:\Users\Administrator\.openjfx\cache\21.0.6+3\amd64\api-ms-win-crt-private-l1-1-0.dll
Event: 0.578 Loaded shared library C:\Users\Administrator\.openjfx\cache\21.0.6+3\amd64\api-ms-win-crt-process-l1-1-0.dll
Event: 0.581 Loaded shared library C:\Users\Administrator\.openjfx\cache\21.0.6+3\amd64\api-ms-win-crt-runtime-l1-1-0.dll
Event: 0.585 Loaded shared library C:\Users\Administrator\.openjfx\cache\21.0.6+3\amd64\api-ms-win-crt-stdio-l1-1-0.dll
Event: 0.589 Loaded shared library C:\Users\Administrator\.openjfx\cache\21.0.6+3\amd64\api-ms-win-crt-string-l1-1-0.dll
Event: 0.592 Loaded shared library C:\Users\Administrator\.openjfx\cache\21.0.6+3\amd64\api-ms-win-crt-time-l1-1-0.dll
Event: 0.595 Loaded shared library C:\Users\Administrator\.openjfx\cache\21.0.6+3\amd64\api-ms-win-crt-utility-l1-1-0.dll
Event: 0.610 Loaded shared library C:\Users\Administrator\.openjfx\cache\21.0.6+3\amd64\ucrtbase.dll
Event: 0.615 Loaded shared library C:\Users\Administrator\.openjfx\cache\21.0.6+3\amd64\vcruntime140.dll
Event: 0.619 Loaded shared library C:\Users\Administrator\.openjfx\cache\21.0.6+3\amd64\vcruntime140_1.dll
Event: 0.628 Loaded shared library C:\Users\Administrator\.openjfx\cache\21.0.6+3\amd64\msvcp140.dll
Event: 0.631 Loaded shared library C:\Users\Administrator\.openjfx\cache\21.0.6+3\amd64\msvcp140_1.dll
Event: 0.638 Loaded shared library C:\Users\Administrator\.openjfx\cache\21.0.6+3\amd64\msvcp140_2.dll
Event: 0.686 Loaded shared library C:\Users\Administrator\.openjfx\cache\21.0.6+3\amd64\prism_d3d.dll
Event: 0.743 Loaded shared library C:\Users\Administrator\.openjfx\cache\21.0.6+3\amd64\glass.dll
Event: 0.948 Loaded shared library C:\Users\Administrator\.openjfx\cache\21.0.6+3\amd64\javafx_iio.dll
Event: 1.023 Loaded shared library C:\Users\Administrator\.openjfx\cache\21.0.6+3\amd64\javafx_font.dll
Event: 1.118 Loaded shared library C:\Program Files\Java\jdk-25.0.2\bin\jimage.dll
Event: 1.179 Loaded shared library C:\Program Files\Java\jdk-25.0.2\bin\management.dll
Event: 1.181 Loaded shared library C:\Program Files\Java\jdk-25.0.2\bin\management_ext.dll

Deoptimization events (20 events):
Event: 4.442 Thread 0x0000015cfce6a0e0 Uncommon trap: trap_request=0xffffffde fr.pc=0x0000015cef7270d8 relative=0x0000000000001b58
Event: 4.442 Thread 0x0000015cfce6a0e0 Uncommon trap: reason=class_check action=maybe_recompile pc=0x0000015cef7270d8 method=java.util.zip.InflaterInputStream.read([BII)I @ 78 c2
Event: 4.443 Thread 0x0000015cfce6a0e0 DEOPT PACKING pc=0x0000015cef7270d8 sp=0x00000023890fad80
Event: 4.443 Thread 0x0000015cfce6a0e0 DEOPT UNPACKING pc=0x0000015cef21f582 sp=0x00000023890fade0 mode 2
Event: 4.443 Thread 0x0000015cfce6a0e0 Uncommon trap: trap_request=0xffffffde fr.pc=0x0000015cef7270d8 relative=0x0000000000001b58
Event: 4.443 Thread 0x0000015cfce6a0e0 Uncommon trap: reason=class_check action=maybe_recompile pc=0x0000015cef7270d8 method=java.util.zip.InflaterInputStream.read([BII)I @ 78 c2
Event: 4.443 Thread 0x0000015cfce6a0e0 DEOPT PACKING pc=0x0000015cef7270d8 sp=0x00000023890faca0
Event: 4.443 Thread 0x0000015cfce6a0e0 DEOPT UNPACKING pc=0x0000015cef21f582 sp=0x00000023890fad00 mode 2
Event: 4.443 Thread 0x0000015cfce6a0e0 Uncommon trap: trap_request=0xffffffde fr.pc=0x0000015cef7270d8 relative=0x0000000000001b58
Event: 4.443 Thread 0x0000015cfce6a0e0 Uncommon trap: reason=class_check action=maybe_recompile pc=0x0000015cef7270d8 method=java.util.zip.InflaterInputStream.read([BII)I @ 78 c2
Event: 4.443 Thread 0x0000015cfce6a0e0 DEOPT PACKING pc=0x0000015cef7270d8 sp=0x00000023890faca0
Event: 4.443 Thread 0x0000015cfce6a0e0 DEOPT UNPACKING pc=0x0000015cef21f582 sp=0x00000023890fad00 mode 2
Event: 4.444 Thread 0x0000015cfce6a0e0 Uncommon trap: trap_request=0xffffffde fr.pc=0x0000015cef7270d8 relative=0x0000000000001b58
Event: 4.444 Thread 0x0000015cfce6a0e0 Uncommon trap: reason=class_check action=maybe_recompile pc=0x0000015cef7270d8 method=java.util.zip.InflaterInputStream.read([BII)I @ 78 c2
Event: 4.444 Thread 0x0000015cfce6a0e0 DEOPT PACKING pc=0x0000015cef7270d8 sp=0x00000023890faca0
Event: 4.444 Thread 0x0000015cfce6a0e0 DEOPT UNPACKING pc=0x0000015cef21f582 sp=0x00000023890fad00 mode 2
Event: 4.459 Thread 0x0000015cfce6a0e0 Uncommon trap: trap_request=0xffffff45 fr.pc=0x0000015cef72aa24 relative=0x0000000000000724
Event: 4.459 Thread 0x0000015cfce6a0e0 Uncommon trap: reason=unstable_if action=reinterpret pc=0x0000015cef72aa24 method=java.util.WeakHashMap.expungeStaleEntries()V @ 66 c2
Event: 4.459 Thread 0x0000015cfce6a0e0 DEOPT PACKING pc=0x0000015cef72aa24 sp=0x00000023890fa8c0
Event: 4.459 Thread 0x0000015cfce6a0e0 DEOPT UNPACKING pc=0x0000015cef21f582 sp=0x00000023890fa840 mode 2

Classes loaded (20 events):
Event: 2.202 Loading class java/util/EnumMap$ValueIterator
Event: 2.202 Loading class java/util/EnumMap$EnumMapIterator
Event: 2.202 Loading class java/util/EnumMap$EnumMapIterator done
Event: 2.202 Loading class java/util/EnumMap$ValueIterator done
Event: 4.312 Loading class java/lang/RuntimePermission
Event: 4.312 Loading class java/lang/RuntimePermission done
Event: 4.363 Loading class java/text/MessageFormat
Event: 4.364 Loading class java/text/MessageFormat done
Event: 4.364 Loading class java/text/MessageFormat$Field
Event: 4.364 Loading class java/text/MessageFormat$Field done
Event: 4.367 Loading class java/text/FieldPosition$Delegate
Event: 4.367 Loading class java/text/FieldPosition$Delegate done
Event: 4.377 Loading class java/text/ParseException
Event: 4.377 Loading class java/text/ParseException done
Event: 4.412 Loading class java/lang/Throwable$WrappedPrintStream
Event: 4.412 Loading class java/lang/Throwable$PrintStreamOrWriter
Event: 4.412 Loading class java/lang/Throwable$PrintStreamOrWriter done
Event: 4.412 Loading class java/lang/Throwable$WrappedPrintStream done
Event: 147.327 Loading class jdk/internal/misc/Signal$1
Event: 147.328 Loading class jdk/internal/misc/Signal$1 done

Classes unloaded (0 events):
No events

Classes redefined (0 events):
No events

Internal exceptions (20 events):
Event: 1.313 Thread 0x0000015cfce6a0e0 Exception <a 'java/lang/IncompatibleClassChangeError'{0x000000008866c760}: Found class java.lang.Object, but interface was expected> (0x000000008866c760) 
thrown [s\open\src\hotspot\share\interpreter\linkResolver.cpp, line 871]
Event: 1.381 Thread 0x0000015cfce6a0e0 Implicit null exception at 0x0000015cef70a9b0 to 0x0000015cef70b248
Event: 1.461 Thread 0x0000015cfce6a0e0 Exception <a 'java/lang/NoSuchMethodError'{0x000000008b2fcfe8}: 'java.lang.Object java.lang.invoke.DirectMethodHandle$Holder.invokeStaticInit(java.lang.Object, java.lang.Object, java.lang.Object)'> (0x000000008b2fcfe8) 
thrown [s\open\src\hotspot\share\interpreter\linkResolver.cpp, line 804]
Event: 1.516 Thread 0x0000015cfce6a0e0 Implicit null exception at 0x0000015cef6b17b6 to 0x0000015cef6b1856
Event: 1.540 Thread 0x0000015cfce6a0e0 Implicit null exception at 0x0000015cef6e82ca to 0x0000015cef6e8520
Event: 1.541 Thread 0x0000015cfce6a0e0 Implicit null exception at 0x0000015cef6ef14a to 0x0000015cef6ef388
Event: 1.541 Thread 0x0000015cfce6a0e0 Implicit null exception at 0x0000015cef6af820 to 0x0000015cef6af89d
Event: 1.653 Thread 0x0000015cfce6a0e0 Exception <a 'java/lang/IncompatibleClassChangeError'{0x000000008a326938}: Found class java.lang.Object, but interface was expected> (0x000000008a326938) 
thrown [s\open\src\hotspot\share\interpreter\linkResolver.cpp, line 871]
Event: 1.691 Thread 0x0000015cfce6a0e0 Exception <a 'java/lang/NoSuchMethodError'{0x000000008a0745c0}: 'void java.lang.invoke.DirectMethodHandle$Holder.invokeSpecial(java.lang.Object, java.lang.Object, java.lang.Object, java.lang.Object, java.lang.Object, java.lang.Object)'> (0x000000008a0745c0) 
thrown [s\open\src\hotspot\share\interpreter\linkResolver.cpp, line 804]
Event: 1.704 Thread 0x0000015cfce6a0e0 Exception <a 'java/lang/ClassNotFoundException'{0x0000000089fbfc98}: com/sun/javafx/scene/control/skin/resources/controls> (0x0000000089fbfc98) 
thrown [s\open\src\hotspot\share\prims\jni.cpp, line 534]
Event: 1.704 Thread 0x0000015cfce6a0e0 Exception <a 'java/lang/ClassNotFoundException'{0x0000000089fcd088}: com/sun/javafx/scene/control/skin/resources/controls_en> (0x0000000089fcd088) 
thrown [s\open\src\hotspot\share\prims\jni.cpp, line 534]
Event: 1.704 Thread 0x0000015cfce6a0e0 Exception <a 'java/lang/ClassNotFoundException'{0x0000000089fcded8}: com/sun/javafx/scene/control/skin/resources/controls_en_US> (0x0000000089fcded8) 
thrown [s\open\src\hotspot\share\prims\jni.cpp, line 534]
Event: 1.771 Thread 0x0000015cfce6a0e0 Exception <a 'java/lang/NoSuchMethodError'{0x00000000899d5c30}: 'java.lang.Object java.lang.invoke.DirectMethodHandle$Holder.invokeStatic(java.lang.Object, java.lang.Object, java.lang.Object, java.lang.Object, int)'> (0x00000000899d5c30) 
thrown [s\open\src\hotspot\share\interpreter\linkResolver.cpp, line 804]
Event: 1.871 Thread 0x0000015cfce6a0e0 Exception <a 'java/lang/NoSuchMethodError'{0x0000000088e89f18}: 'java.lang.Object java.lang.invoke.DirectMethodHandle$Holder.newInvokeSpecial(java.lang.Object, java.lang.Object, int)'> (0x0000000088e89f18) 
thrown [s\open\src\hotspot\share\interpreter\linkResolver.cpp, line 804]
Event: 2.009 Thread 0x0000015cfcdc0690 Exception <a 'java/lang/NoSuchMethodError'{0x0000000088b3aa30}: 'java.lang.Object java.lang.invoke.DirectMethodHandle$Holder.invokeStaticInit(java.lang.Object, int)'> (0x0000000088b3aa30) 
thrown [s\open\src\hotspot\share\interpreter\linkResolver.cpp, line 804]
Event: 3.735 Thread 0x0000015cfce6a0e0 Exception <a 'java/lang/NoSuchMethodError'{0x0000000088607b30}: 'long java.lang.invoke.DirectMethodHandle$Holder.invokeStaticInit(java.lang.Object, java.lang.Object, java.lang.Object)'> (0x0000000088607b30) 
thrown [s\open\src\hotspot\share\interpreter\linkResolver.cpp, line 804]
Event: 3.739 Thread 0x0000015cfce6a0e0 Exception <a 'java/lang/NoSuchMethodError'{0x00000000886523c0}: 'java.lang.Object java.lang.invoke.DirectMethodHandle$Holder.newInvokeSpecial(java.lang.Object, java.lang.Object, long)'> (0x00000000886523c0) 
thrown [s\open\src\hotspot\share\interpreter\linkResolver.cpp, line 804]
Event: 3.740 Thread 0x0000015cfce6a0e0 Exception <a 'java/lang/NoSuchMethodError'{0x000000008865af60}: 'java.lang.Object java.lang.invoke.Invokers$Holder.linkToTargetMethod(java.lang.Object, long, java.lang.Object)'> (0x000000008865af60) 
thrown [s\open\src\hotspot\share\interpreter\linkResolver.cpp, line 804]
Event: 4.393 Thread 0x0000015cfce6a0e0 Exception <a 'java/lang/NoSuchMethodError'{0x000000008b06fa20}: 'void java.lang.invoke.DirectMethodHandle$Holder.invokeSpecialIFC(java.lang.Object, java.lang.Object, java.lang.Object)'> (0x000000008b06fa20) 
thrown [s\open\src\hotspot\share\interpreter\linkResolver.cpp, line 804]
Event: 4.412 Thread 0x0000015cfce6a0e0 Exception <a 'sun/nio/fs/WindowsException'{0x000000008afbade0}> (0x000000008afbade0) 
thrown [s\open\src\hotspot\share\prims\jni.cpp, line 516]

VM Operations (20 events):
Event: 1.396 Executing non-safepoint VM operation: HandshakeAllThreads (Deoptimize) done
Event: 1.404 Executing safepoint VM operation: G1CollectForAllocation (G1 Evacuation Pause)
Event: 1.410 Executing safepoint VM operation: G1CollectForAllocation (G1 Evacuation Pause) done
Event: 1.823 Executing non-safepoint VM operation: HandshakeAllThreads (Deoptimize)
Event: 1.823 Executing non-safepoint VM operation: HandshakeAllThreads (Deoptimize) done
Event: 4.316 Executing non-safepoint VM operation: HandshakeAllThreads (Deoptimize)
Event: 4.316 Executing non-safepoint VM operation: HandshakeAllThreads (Deoptimize) done
Event: 4.339 Executing safepoint VM operation: G1CollectForAllocation (G1 Evacuation Pause)
Event: 4.346 Executing safepoint VM operation: G1CollectForAllocation (G1 Evacuation Pause) done
Event: 4.367 Executing non-safepoint VM operation: HandshakeAllThreads (Deoptimize)
Event: 4.367 Executing non-safepoint VM operation: HandshakeAllThreads (Deoptimize) done
Event: 4.369 Executing non-safepoint VM operation: HandshakeAllThreads (Deoptimize)
Event: 4.369 Executing non-safepoint VM operation: HandshakeAllThreads (Deoptimize) done
Event: 4.441 Executing non-safepoint VM operation: HandshakeAllThreads (Deoptimize)
Event: 4.441 Executing non-safepoint VM operation: HandshakeAllThreads (Deoptimize) done
Event: 60.084 Executing non-safepoint VM operation: HandshakeAllThreads (HandshakeForDeflation)
Event: 60.084 Executing non-safepoint VM operation: HandshakeAllThreads (HandshakeForDeflation) done
Event: 60.084 Executing non-safepoint VM operation: RendezvousGCThreads
Event: 60.084 Executing non-safepoint VM operation: RendezvousGCThreads done
Event: 147.333 Executing safepoint VM operation: Exit

Memory protections (0 events):
No events

Nmethod flushes (0 events):
No events

Events (20 events):
Event: 0.864 Thread 0x0000015cfc365630 Thread exited: 0x0000015cfc365630
Event: 0.865 Thread 0x0000015cdcfa9370 Thread added: 0x0000015cfd04b350
Event: 1.045 Thread 0x0000015cfc1c9740 Thread added: 0x0000015cfc821010
Event: 1.068 Thread 0x0000015cfc1c9740 Thread added: 0x0000015cfc81efd0
Event: 1.465 Thread 0x0000015cfce6a0e0 Thread added: 0x0000015cfd3064f0
Event: 1.647 Thread 0x0000015cfce6a0e0 Thread added: 0x0000015cfd307490
Event: 2.043 Thread 0x0000015cfcdc0690 Thread added: 0x0000015cfd30c2b0
Event: 2.533 Thread 0x0000015cfc821010 Thread exited: 0x0000015cfc821010
Event: 2.533 Thread 0x0000015cfc81efd0 Thread exited: 0x0000015cfc81efd0
Event: 4.316 Thread 0x0000015cfce6a0e0 Thread added: 0x0000015cfd7adf90
Event: 4.324 Thread 0x0000015cfd7adf90 Thread exited: 0x0000015cfd7adf90
Event: 4.406 Thread 0x0000015cfc1c9740 Thread added: 0x0000015cfc821010
Event: 4.867 Thread 0x0000015cfc821010 Thread exited: 0x0000015cfc821010
Event: 147.328 Thread 0x0000015cfc1a2400 Thread added: 0x0000015cfd7b3580
Event: 147.329 Thread 0x0000015cfd7b3580 Thread added: 0x0000015cfd7b25e0
Event: 147.329 Thread 0x0000015cfd7b3580 Thread added: 0x0000015cfd7b06a0
Event: 147.329 Thread 0x0000015cfd7b06a0 Thread exited: 0x0000015cfd7b06a0
Event: 147.333 Thread 0x0000015cfd7b25e0 Thread exited: 0x0000015cfd7b25e0
Event: 147.333 Thread 0x0000015cfd7b3580 Before exit entered
Event: 147.333 Thread 0x0000015cfc1a2400 Thread exited: 0x0000015cfc1a2400


Dynamic libraries:
0x00007ff728570000 - 0x00007ff728580000 	C:\Program Files\Java\jdk-25.0.2\bin\java.exe
0x00007ffc4f060000 - 0x00007ffc4f2c7000 	C:\WINDOWS\SYSTEM32\ntdll.dll
0x00007ffc28fd0000 - 0x00007ffc28ff1000 	C:\Program Files\Avast Software\Avast\aswhook.dll
0x00007ffc4d680000 - 0x00007ffc4d749000 	C:\WINDOWS\System32\KERNEL32.DLL
0x00007ffc4c7f0000 - 0x00007ffc4cbe7000 	C:\WINDOWS\System32\KERNELBASE.dll
0x00007ffc4c6a0000 - 0x00007ffc4c7eb000 	C:\WINDOWS\System32\ucrtbase.dll
0x00007ffc3d9e0000 - 0x00007ffc3d9fe000 	C:\Program Files\Java\jdk-25.0.2\bin\VCRUNTIME140.dll
0x00007ffc3da00000 - 0x00007ffc3da17000 	C:\Program Files\Java\jdk-25.0.2\bin\jli.dll
0x00007ffc4d870000 - 0x00007ffc4da36000 	C:\WINDOWS\System32\USER32.dll
0x00007ffc4c670000 - 0x00007ffc4c697000 	C:\WINDOWS\System32\win32u.dll
0x00007ffc2cd60000 - 0x00007ffc2cff2000 	C:\WINDOWS\WinSxS\amd64_microsoft.windows.common-controls_6595b64144ccf1df_6.0.26100.8328_none_3e08182ce334b678\COMCTL32.dll
0x00007ffc4d590000 - 0x00007ffc4d5bb000 	C:\WINDOWS\System32\GDI32.dll
0x00007ffc4d4e0000 - 0x00007ffc4d589000 	C:\WINDOWS\System32\msvcrt.dll
0x00007ffc4cbf0000 - 0x00007ffc4cd1c000 	C:\WINDOWS\System32\gdi32full.dll
0x00007ffc4c300000 - 0x00007ffc4c3a3000 	C:\WINDOWS\System32\msvcp_win.dll
0x00007ffc4eb60000 - 0x00007ffc4eb92000 	C:\WINDOWS\System32\IMM32.DLL
0x00007ffc46a50000 - 0x00007ffc46a5c000 	C:\Program Files\Java\jdk-25.0.2\bin\vcruntime140_1.dll
0x00007ffc323e0000 - 0x00007ffc3246d000 	C:\Program Files\Java\jdk-25.0.2\bin\msvcp140.dll
0x00007ffb64550000 - 0x00007ffb653af000 	C:\Program Files\Java\jdk-25.0.2\bin\server\jvm.dll
0x00007ffc4e8f0000 - 0x00007ffc4e9a6000 	C:\WINDOWS\System32\ADVAPI32.dll
0x00007ffc4e370000 - 0x00007ffc4e417000 	C:\WINDOWS\System32\sechost.dll
0x00007ffc4d750000 - 0x00007ffc4d868000 	C:\WINDOWS\System32\RPCRT4.dll
0x00007ffc4e760000 - 0x00007ffc4e7e0000 	C:\WINDOWS\System32\WS2_32.dll
0x00007ffc4b8f0000 - 0x00007ffc4b94e000 	C:\WINDOWS\SYSTEM32\POWRPROF.dll
0x00007ffc26d90000 - 0x00007ffc26dc6000 	C:\WINDOWS\SYSTEM32\WINMM.dll
0x00007ffc3fcc0000 - 0x00007ffc3fccb000 	C:\WINDOWS\SYSTEM32\VERSION.dll
0x00007ffc4b8d0000 - 0x00007ffc4b8e4000 	C:\WINDOWS\SYSTEM32\UMPDC.dll
0x00007ffc4a7e0000 - 0x00007ffc4a7fb000 	C:\WINDOWS\SYSTEM32\kernel.appcore.dll
0x00007ffc3f770000 - 0x00007ffc3f77a000 	C:\Program Files\Java\jdk-25.0.2\bin\jimage.dll
0x00007ffc49120000 - 0x00007ffc49362000 	C:\WINDOWS\SYSTEM32\DBGHELP.DLL
0x00007ffc4eba0000 - 0x00007ffc4ef23000 	C:\WINDOWS\System32\combase.dll
0x00007ffc4e420000 - 0x00007ffc4e4f9000 	C:\WINDOWS\System32\OLEAUT32.dll
0x00007ffc3c080000 - 0x00007ffc3c0bb000 	C:\WINDOWS\SYSTEM32\dbgcore.DLL
0x00007ffc4c530000 - 0x00007ffc4c5d8000 	C:\WINDOWS\System32\bcryptPrimitives.dll
0x00007ffc3ba60000 - 0x00007ffc3ba70000 	C:\Program Files\Java\jdk-25.0.2\bin\instrument.dll
0x00007ffc3c7b0000 - 0x00007ffc3c7cf000 	C:\Program Files\Java\jdk-25.0.2\bin\java.dll
0x00007ffc4e500000 - 0x00007ffc4e697000 	C:\WINDOWS\System32\ole32.dll
0x00007ffc4dbc0000 - 0x00007ffc4e32e000 	C:\WINDOWS\System32\SHELL32.dll
0x00007ffc4ba90000 - 0x00007ffc4c2fc000 	C:\WINDOWS\System32\windows.storage.dll
0x00007ffc4e9b0000 - 0x00007ffc4eaa6000 	C:\WINDOWS\System32\SHCORE.dll
0x00007ffc4ef30000 - 0x00007ffc4ef96000 	C:\WINDOWS\System32\shlwapi.dll
0x00007ffc4b9b0000 - 0x00007ffc4b9d9000 	C:\WINDOWS\SYSTEM32\profapi.dll
0x00007ffc323c0000 - 0x00007ffc323d2000 	C:\Program Files\Java\jdk-25.0.2\bin\net.dll
0x00007ffc4ad30000 - 0x00007ffc4ad9c000 	C:\WINDOWS\system32\mswsock.dll
0x00007ffc323a0000 - 0x00007ffc323b6000 	C:\Program Files\Java\jdk-25.0.2\bin\nio.dll
0x00007ffc32380000 - 0x00007ffc32397000 	C:\Program Files\Java\jdk-25.0.2\bin\zip.dll
0x0000015cdf280000 - 0x0000015cdf283000 	C:\Users\Administrator\.openjfx\cache\21.0.6+3\amd64\api-ms-win-core-console-l1-1-0.dll
0x0000015cdf290000 - 0x0000015cdf293000 	C:\Users\Administrator\.openjfx\cache\21.0.6+3\amd64\api-ms-win-core-console-l1-2-0.dll
0x0000015cdf2a0000 - 0x0000015cdf2a3000 	C:\Users\Administrator\.openjfx\cache\21.0.6+3\amd64\api-ms-win-core-datetime-l1-1-0.dll
0x0000015cdf2b0000 - 0x0000015cdf2b3000 	C:\Users\Administrator\.openjfx\cache\21.0.6+3\amd64\api-ms-win-core-debug-l1-1-0.dll
0x0000015cdf2c0000 - 0x0000015cdf2c3000 	C:\Users\Administrator\.openjfx\cache\21.0.6+3\amd64\api-ms-win-core-errorhandling-l1-1-0.dll
0x0000015cdf2d0000 - 0x0000015cdf2d4000 	C:\Users\Administrator\.openjfx\cache\21.0.6+3\amd64\api-ms-win-core-file-l1-1-0.dll
0x0000015cdf2e0000 - 0x0000015cdf2e3000 	C:\Users\Administrator\.openjfx\cache\21.0.6+3\amd64\api-ms-win-core-file-l1-2-0.dll
0x0000015cdf2f0000 - 0x0000015cdf2f3000 	C:\Users\Administrator\.openjfx\cache\21.0.6+3\amd64\api-ms-win-core-file-l2-1-0.dll
0x0000015cfde10000 - 0x0000015cfde13000 	C:\Users\Administrator\.openjfx\cache\21.0.6+3\amd64\api-ms-win-core-handle-l1-1-0.dll
0x0000015cfde20000 - 0x0000015cfde23000 	C:\Users\Administrator\.openjfx\cache\21.0.6+3\amd64\api-ms-win-core-heap-l1-1-0.dll
0x0000015cfde30000 - 0x0000015cfde33000 	C:\Users\Administrator\.openjfx\cache\21.0.6+3\amd64\api-ms-win-core-interlocked-l1-1-0.dll
0x0000015cfde40000 - 0x0000015cfde43000 	C:\Users\Administrator\.openjfx\cache\21.0.6+3\amd64\api-ms-win-core-libraryloader-l1-1-0.dll
0x0000015cfde50000 - 0x0000015cfde53000 	C:\Users\Administrator\.openjfx\cache\21.0.6+3\amd64\api-ms-win-core-localization-l1-2-0.dll
0x0000015cfde60000 - 0x0000015cfde63000 	C:\Users\Administrator\.openjfx\cache\21.0.6+3\amd64\api-ms-win-core-memory-l1-1-0.dll
0x0000015cfde70000 - 0x0000015cfde73000 	C:\Users\Administrator\.openjfx\cache\21.0.6+3\amd64\api-ms-win-core-namedpipe-l1-1-0.dll
0x0000015cfde80000 - 0x0000015cfde83000 	C:\Users\Administrator\.openjfx\cache\21.0.6+3\amd64\api-ms-win-core-processenvironment-l1-1-0.dll
0x0000015cfde90000 - 0x0000015cfde93000 	C:\Users\Administrator\.openjfx\cache\21.0.6+3\amd64\api-ms-win-core-processthreads-l1-1-0.dll
0x0000015cfdea0000 - 0x0000015cfdea3000 	C:\Users\Administrator\.openjfx\cache\21.0.6+3\amd64\api-ms-win-core-processthreads-l1-1-1.dll
0x0000015cfdeb0000 - 0x0000015cfdeb3000 	C:\Users\Administrator\.openjfx\cache\21.0.6+3\amd64\api-ms-win-core-profile-l1-1-0.dll
0x0000015cfdec0000 - 0x0000015cfdec3000 	C:\Users\Administrator\.openjfx\cache\21.0.6+3\amd64\api-ms-win-core-rtlsupport-l1-1-0.dll
0x0000015cfded0000 - 0x0000015cfded3000 	C:\Users\Administrator\.openjfx\cache\21.0.6+3\amd64\api-ms-win-core-string-l1-1-0.dll
0x0000015cfdee0000 - 0x0000015cfdee3000 	C:\Users\Administrator\.openjfx\cache\21.0.6+3\amd64\api-ms-win-core-synch-l1-1-0.dll
0x0000015cfdef0000 - 0x0000015cfdef3000 	C:\Users\Administrator\.openjfx\cache\21.0.6+3\amd64\api-ms-win-core-synch-l1-2-0.dll
0x0000015cfdf00000 - 0x0000015cfdf03000 	C:\Users\Administrator\.openjfx\cache\21.0.6+3\amd64\api-ms-win-core-sysinfo-l1-1-0.dll
0x0000015cfdf10000 - 0x0000015cfdf13000 	C:\Users\Administrator\.openjfx\cache\21.0.6+3\amd64\api-ms-win-core-timezone-l1-1-0.dll
0x0000015cfdf20000 - 0x0000015cfdf23000 	C:\Users\Administrator\.openjfx\cache\21.0.6+3\amd64\api-ms-win-core-util-l1-1-0.dll
0x0000015cfdf30000 - 0x0000015cfdf33000 	C:\Users\Administrator\.openjfx\cache\21.0.6+3\amd64\api-ms-win-crt-conio-l1-1-0.dll
0x0000015cfdf40000 - 0x0000015cfdf44000 	C:\Users\Administrator\.openjfx\cache\21.0.6+3\amd64\api-ms-win-crt-convert-l1-1-0.dll
0x0000015cfdf50000 - 0x0000015cfdf53000 	C:\Users\Administrator\.openjfx\cache\21.0.6+3\amd64\api-ms-win-crt-environment-l1-1-0.dll
0x0000015cfdf60000 - 0x0000015cfdf63000 	C:\Users\Administrator\.openjfx\cache\21.0.6+3\amd64\api-ms-win-crt-filesystem-l1-1-0.dll
0x0000015cfdf70000 - 0x0000015cfdf73000 	C:\Users\Administrator\.openjfx\cache\21.0.6+3\amd64\api-ms-win-crt-heap-l1-1-0.dll
0x0000015cfdf80000 - 0x0000015cfdf83000 	C:\Users\Administrator\.openjfx\cache\21.0.6+3\amd64\api-ms-win-crt-locale-l1-1-0.dll
0x0000015cfdf90000 - 0x0000015cfdf95000 	C:\Users\Administrator\.openjfx\cache\21.0.6+3\amd64\api-ms-win-crt-math-l1-1-0.dll
0x0000015cfdfa0000 - 0x0000015cfdfa5000 	C:\Users\Administrator\.openjfx\cache\21.0.6+3\amd64\api-ms-win-crt-multibyte-l1-1-0.dll
0x0000015cfdfb0000 - 0x0000015cfdfc0000 	C:\Users\Administrator\.openjfx\cache\21.0.6+3\amd64\api-ms-win-crt-private-l1-1-0.dll
0x0000015cfdfc0000 - 0x0000015cfdfc3000 	C:\Users\Administrator\.openjfx\cache\21.0.6+3\amd64\api-ms-win-crt-process-l1-1-0.dll
0x0000015cfdfd0000 - 0x0000015cfdfd4000 	C:\Users\Administrator\.openjfx\cache\21.0.6+3\amd64\api-ms-win-crt-runtime-l1-1-0.dll
0x0000015cfdfe0000 - 0x0000015cfdfe4000 	C:\Users\Administrator\.openjfx\cache\21.0.6+3\amd64\api-ms-win-crt-stdio-l1-1-0.dll
0x0000015cfdff0000 - 0x0000015cfdff4000 	C:\Users\Administrator\.openjfx\cache\21.0.6+3\amd64\api-ms-win-crt-string-l1-1-0.dll
0x0000015cfe000000 - 0x0000015cfe003000 	C:\Users\Administrator\.openjfx\cache\21.0.6+3\amd64\api-ms-win-crt-time-l1-1-0.dll
0x0000015cfe010000 - 0x0000015cfe013000 	C:\Users\Administrator\.openjfx\cache\21.0.6+3\amd64\api-ms-win-crt-utility-l1-1-0.dll
0x00007ffc172a0000 - 0x00007ffc1739c000 	C:\Users\Administrator\.openjfx\cache\21.0.6+3\amd64\ucrtbase.dll
0x00007ffc317c0000 - 0x00007ffc317db000 	C:\Users\Administrator\.openjfx\cache\21.0.6+3\amd64\vcruntime140.dll
0x00007ffc32230000 - 0x00007ffc3223c000 	C:\Users\Administrator\.openjfx\cache\21.0.6+3\amd64\vcruntime140_1.dll
0x00007ffc17140000 - 0x00007ffc171ce000 	C:\Users\Administrator\.openjfx\cache\21.0.6+3\amd64\msvcp140.dll
0x00007ffc313f0000 - 0x00007ffc313f9000 	C:\Users\Administrator\.openjfx\cache\21.0.6+3\amd64\msvcp140_1.dll
0x00007ffc17250000 - 0x00007ffc17291000 	C:\Users\Administrator\.openjfx\cache\21.0.6+3\amd64\msvcp140_2.dll
0x00007ffc313c0000 - 0x00007ffc313f0000 	C:\Users\Administrator\.openjfx\cache\21.0.6+3\amd64\prism_d3d.dll
0x00007ffc039b0000 - 0x00007ffc03b63000 	C:\WINDOWS\system32\d3d9.dll
0x00007ffc496d0000 - 0x00007ffc496ff000 	C:\WINDOWS\SYSTEM32\dwmapi.dll
0x00007ffc49510000 - 0x00007ffc49555000 	C:\WINDOWS\SYSTEM32\dxcore.dll
0x00007ffc49410000 - 0x00007ffc494ba000 	C:\WINDOWS\system32\uxtheme.dll
0x00007ffb4ef30000 - 0x00007ffb4f0dd000 	C:\WINDOWS\System32\DriverStore\FileRepository\iigd_dch.inf_amd64_f9e3dd289189445b\igdumdim64.dll
0x00007ffb3ff30000 - 0x00007ffb42fd4000 	C:\WINDOWS\System32\DriverStore\FileRepository\iigd_dch.inf_amd64_f9e3dd289189445b\igd9dxva64.dll
0x00007ffc4cfc0000 - 0x00007ffc4d447000 	C:\WINDOWS\System32\SETUPAPI.dll
0x00007ffc4b640000 - 0x00007ffc4b691000 	C:\WINDOWS\SYSTEM32\cfgmgr32.dll
0x00007ffc44290000 - 0x00007ffc44699000 	C:\WINDOWS\System32\DriverStore\FileRepository\iigd_dch.inf_amd64_f9e3dd289189445b\igdgmm64.dll
0x00007ffc466e0000 - 0x00007ffc46741000 	C:\WINDOWS\SYSTEM32\directxdatabasehelper.dll
0x00007ffc170f0000 - 0x00007ffc17132000 	C:\Users\Administrator\.openjfx\cache\21.0.6+3\amd64\glass.dll
0x00007ffc4e7f0000 - 0x00007ffc4e8e0000 	C:\WINDOWS\System32\COMDLG32.dll
0x00007ffc4da40000 - 0x00007ffc4db9c000 	C:\WINDOWS\System32\MSCTF.dll
0x00007ffc30be0000 - 0x00007ffc30c07000 	C:\WINDOWS\System32\DriverStore\FileRepository\iigd_dch.inf_amd64_f9e3dd289189445b\igdinfo64.dll
0x00007ffc40a90000 - 0x00007ffc44226000 	C:\WINDOWS\System32\DriverStore\FileRepository\iigd_dch.inf_amd64_f9e3dd289189445b\igc64.dll
0x00007ffc2f620000 - 0x00007ffc2f64d000 	C:\Users\Administrator\.openjfx\cache\21.0.6+3\amd64\javafx_iio.dll
0x00007ffc2c150000 - 0x00007ffc2c165000 	C:\Users\Administrator\.openjfx\cache\21.0.6+3\amd64\javafx_font.dll
0x00007ffc4a210000 - 0x00007ffc4a342000 	C:\WINDOWS\SYSTEM32\DNSAPI.dll
0x00007ffc4a1d0000 - 0x00007ffc4a202000 	C:\WINDOWS\SYSTEM32\IPHLPAPI.DLL
0x00007ffc4eab0000 - 0x00007ffc4eaba000 	C:\WINDOWS\System32\NSI.dll
0x00007ffc44230000 - 0x00007ffc4423b000 	C:\Windows\System32\rasadhlp.dll
0x00007ffc454c0000 - 0x00007ffc45546000 	C:\WINDOWS\System32\fwpuclnt.dll
0x00007ffc32370000 - 0x00007ffc3237a000 	C:\Program Files\Java\jdk-25.0.2\bin\management.dll
0x00007ffc32340000 - 0x00007ffc3234c000 	C:\Program Files\Java\jdk-25.0.2\bin\management_ext.dll
0x00007ffc4d5c0000 - 0x00007ffc4d5c8000 	C:\WINDOWS\System32\PSAPI.DLL
0x00007ffc4b130000 - 0x00007ffc4b14b000 	C:\WINDOWS\SYSTEM32\CRYPTSP.dll
0x00007ffc4a740000 - 0x00007ffc4a779000 	C:\WINDOWS\system32\rsaenh.dll
0x00007ffc4ade0000 - 0x00007ffc4ae13000 	C:\WINDOWS\SYSTEM32\USERENV.dll
0x00007ffc4b980000 - 0x00007ffc4b9aa000 	C:\WINDOWS\SYSTEM32\bcrypt.dll
0x00007ffc4af90000 - 0x00007ffc4af9c000 	C:\WINDOWS\SYSTEM32\CRYPTBASE.dll
0x00007ffc476b0000 - 0x00007ffc47917000 	C:\WINDOWS\SYSTEM32\dwrite.dll
0x00007ffc4e6a0000 - 0x00007ffc4e74e000 	C:\WINDOWS\System32\clbcatq.dll
0x00007ffc47480000 - 0x00007ffc476ad000 	C:\WINDOWS\SYSTEM32\WindowsCodecs.dll
0x00007ffc2ee60000 - 0x00007ffc2eeba000 	C:\WINDOWS\system32\dataexchange.dll

JVMTI agents:
C:\Program Files\JetBrains\IntelliJ IDEA Community Edition 2025.2.6.1\lib\idea_rt.jar path:C:\Program Files\Java\jdk-25.0.2\bin\instrument.dll, loaded, initialized, instrumentlib options:55860

dbghelp: loaded successfully - version: 4.0.5 - missing functions: none
symbol engine: initialized successfully - sym options: 0x614 - pdb path: .;C:\Program Files\Java\jdk-25.0.2\bin;C:\WINDOWS\SYSTEM32;C:\Program Files\Avast Software\Avast;C:\WINDOWS\WinSxS\amd64_microsoft.windows.common-controls_6595b64144ccf1df_6.0.26100.8328_none_3e08182ce334b678;C:\Program Files\Java\jdk-25.0.2\bin\server;C:\Users\Administrator\.openjfx\cache\21.0.6+3\amd64;C:\WINDOWS\System32\DriverStore\FileRepository\iigd_dch.inf_amd64_f9e3dd289189445b;C:\Program Files\Common Files\Microsoft Shared\Ink

VM Arguments:
jvm_args: -javaagent:C:\Program Files\JetBrains\IntelliJ IDEA Community Edition 2025.2.6.1\lib\idea_rt.jar=55860 -Dfile.encoding=UTF-8 -Dsun.stdout.encoding=UTF-8 -Dsun.stderr.encoding=UTF-8 --module-path=C:\Users\Administrator\.m2\repository\org\openjfx\javafx-base\21.0.6\javafx-base-21.0.6-win.jar;C:\Users\Administrator\Downloads\VehicleIdentificationSystem\target\classes;C:\Users\Administrator\.m2\repository\org\controlsfx\controlsfx\11.2.1\controlsfx-11.2.1.jar;C:\Users\Administrator\.m2\repository\org\openjfx\javafx-graphics\21.0.6\javafx-graphics-21.0.6-win.jar;C:\Users\Administrator\.m2\repository\org\openjfx\javafx-fxml\21.0.6\javafx-fxml-21.0.6-win.jar;C:\Users\Administrator\.m2\repository\org\openjfx\javafx-controls\21.0.6\javafx-controls-21.0.6-win.jar;C:\Users\Administrator\.m2\repository\org\kordamp\bootstrapfx\bootstrapfx-core\0.4.0\bootstrapfx-core-0.4.0.jar -Djdk.module.main=com.vis.vehicleidentificationsystem 
java_command: com.vis.vehicleidentificationsystem/com.vis.MainApp
java_class_path (initial): C:\Users\Administrator\.m2\repository\org\openjfx\javafx-controls\21.0.6\javafx-controls-21.0.6.jar;C:\Users\Administrator\.m2\repository\org\openjfx\javafx-graphics\21.0.6\javafx-graphics-21.0.6.jar;C:\Users\Administrator\.m2\repository\org\openjfx\javafx-base\21.0.6\javafx-base-21.0.6.jar;C:\Users\Administrator\.m2\repository\org\openjfx\javafx-fxml\21.0.6\javafx-fxml-21.0.6.jar;C:\Users\Administrator\.m2\repository\org\postgresql\postgresql\42.7.5\postgresql-42.7.5.jar;C:\Users\Administrator\.m2\repository\org\checkerframework\checker-qual\3.48.3\checker-qual-3.48.3.jar
Launcher Type: SUN_STANDARD

[Global flags]
     intx CICompilerCount                          = 4                                         {product} {ergonomic}
     uint ConcGCThreads                            = 2                                         {product} {ergonomic}
     uint G1ConcRefinementThreads                  = 8                                         {product} {ergonomic}
   size_t G1HeapRegionSize                         = 1048576                                   {product} {ergonomic}
   size_t InitialHeapSize                          = 132120576                                 {product} {ergonomic}
   size_t MarkStackSize                            = 4194304                                   {product} {ergonomic}
   size_t MarkStackSizeMax                         = 536870912                                 {product} {ergonomic}
   size_t MaxHeapSize                              = 2090860544                                {product} {ergonomic}
   size_t MaxNewSize                               = 1254096896                                {product} {ergonomic}
   size_t MinHeapDeltaBytes                        = 1048576                                   {product} {ergonomic}
   size_t MinHeapSize                              = 8388608                                   {product} {ergonomic}
    uintx NonNMethodCodeHeapSize                   = 5832704                                {pd product} {ergonomic}
    uintx NonProfiledCodeHeapSize                  = 122945536                              {pd product} {ergonomic}
    uintx ProfiledCodeHeapSize                     = 122880000                              {pd product} {ergonomic}
    uintx ReservedCodeCacheSize                    = 251658240                              {pd product} {ergonomic}
     bool SegmentedCodeCache                       = true                                      {product} {ergonomic}
   size_t SoftMaxHeapSize                          = 2090860544                             {manageable} {ergonomic}
     bool UseCompressedOops                        = true                           {product lp64_product} {ergonomic}
     bool UseG1GC                                  = true                                      {product} {ergonomic}
     bool UseLargePagesIndividualAllocation        = false                                  {pd product} {ergonomic}

Logging:
Log output configuration:
 #0: stdout all=off uptime,level,tags foldmultilines=false
 #1: stderr all=off uptime,level,tags foldmultilines=false

Release file:
IMPLEMENTOR="Oracle Corporation" 
JAVA_RUNTIME_VERSION="25.0.2+10-LTS-69" 
JAVA_VERSION="25.0.2" 
JAVA_VERSION_DATE="2026-01-20" 
LIBC="default" 
MODULES="java.base java.compiler java.datatransfer java.xml java.prefs java.desktop java.instrument java.logging java.management java.security.sasl java.naming java.rmi java.management.rmi java.net.http java.scripting java.security.jgss java.transaction.xa java.sql java.sql.rowset java.xml.crypto java.se java.smartcardio jdk.accessibility jdk.internal.jvmstat jdk.attach jdk.charsets jdk.internal.opt jdk.zipfs jdk.compiler jdk.crypto.cryptoki jdk.crypto.ec jdk.crypto.mscapi jdk.dynalink jdk.internal.ed jdk.editpad jdk.internal.vm.ci jdk.graal.compiler jdk.graal.compiler.management jdk.hotspot.agent jdk.httpserver jdk.incubator.vector jdk.internal.le jdk.internal.md jdk.jartool jdk.javadoc jdk.jcmd jdk.management jdk.management.agent jdk.jconsole jdk.jdeps jdk.jdwp.agent jdk.jdi jdk.jfr jdk.jlink jdk.jpackage jdk.jshell jdk.jsobject jdk.jstatd jdk.localedata jdk.management.jfr jdk.naming.dns jdk.naming.rmi jdk.net jdk.nio.mapmode jdk.sctp jdk.security.auth jdk.security.jgss jdk.unsupported jdk.unsupported.desktop jdk.xml.dom" 
OS_ARCH="x86_64" 
OS_NAME="Windows" 
SOURCE=".:git:b75efb40c93a open:git:405a5699ebd0" 

Environment Variables:
JAVA_HOME=C:\Program Files\Java\jdk-25.0.2
PATH=C:\Program Files (x86)\Common Files\Intel\Shared Libraries\redist\intel64\compiler;C:\WINDOWS\system32;C:\WINDOWS;C:\WINDOWS\System32\Wbem;C:\WINDOWS\System32\WindowsPowerShell\v1.0\;C:\WINDOWS\System32\OpenSSH\;C:\Program Files\Git\cmd;C:\Program Files\Git\bin;C:\Users\Administrator\AppData\Roaming\nvm;C:\Program Files\nodejs;C:\Program Files\Common Files\Autodesk Shared\;C:\Program Files\dotnet\;C:\Program Files\Java\jdk-25.0.2\bin;C:\Users\Administrator\AppData\Local\Microsoft\WindowsApps;C:\Users\Administrator\Documents\Microsoft VS Code\bin;C:\Users\Administrator\AppData\Roaming\npm;C:\Program Files\Git\cmd;C:\Users\Administrator\AppData\Roaming\nvm;C:\Program Files\nodejs;C:\Program Files\JetBrains\IntelliJ IDEA Community Edition 2025.2.6.1\bin
USERNAME=Administrator
OS=Windows_NT
PROCESSOR_IDENTIFIER=Intel64 Family 6 Model 142 Stepping 12, GenuineIntel
TMP=C:\Users\ADMINI~1\AppData\Local\Temp
TEMP=C:\Users\ADMINI~1\AppData\Local\Temp




Compilation memory statistics disabled.

Periodic native trim disabled

---------------  S Y S T E M  ---------------

OS:
 Windows 11 , 64 bit Build 26100 (10.0.26100.8328)
OS uptime: 0 days 4:55 hours
Hyper-V role detected

CPU: total 8 (initial active 8) (4 cores per cpu, 2 threads per core) family 6 model 142 stepping 12 microcode 0xf8, cx8, cmov, fxsr, ht, mmx, 3dnowpref, sse, sse2, sse3, ssse3, sse4.1, sse4.2, popcnt, lzcnt, tsc, tscinvbit, avx, avx2, aes, erms, clmul, bmi1, bmi2, adx, fma, vzeroupper, clflush, clflushopt, hv, rdtscp, f16c
Processor Information for the first 8 processors :
  Max Mhz: 2112, Current Mhz: 1910, Mhz Limit: 1900

Memory: 4k page, system-wide physical 7970M (811M free)
TotalPageFile size 18722M (AvailPageFile size 4948M)
current process WorkingSet (physical memory assigned to process): 225M, peak: 269M
current process commit charge ("private bytes"): 308M, peak: 373M

vm_info: Java HotSpot(TM) 64-Bit Server VM (25.0.2+10-LTS-69) for windows-amd64 JRE (25.0.2+10-LTS-69), built on 2025-12-18T11:36:35Z with MS VC++ 17.13 (VS2022)

END.
